#
# A fatal error has been detected by the Java Runtime Environment:
#
#  EXCEPTION_ACCESS_VIOLATION (0xc0000005) at pc=0x000001e8cf8425cb, pid=3756, tid=11396
#
# JRE version: Java(TM) SE Runtime Environment (10.0+46) (build 10+46)
# Java VM: Java HotSpot(TM) 64-Bit Server VM (10+46, mixed mode, tiered, compressed oops, g1 gc, windows-amd64)
# Problematic frame:
# j  poop.BasicOperation.execution(Lpoop/Pixel;)V+46
#
# No core dump will be written. Minidumps are not enabled by default on client versions of Windows
#
# If you would like to submit a bug report, please visit:
#   http://bugreport.java.com/bugreport/crash.jsp
#

---------------  S U M M A R Y ------------

Command Line: -Djava.library.path=C:\Users\ji180550d\Desktop\POOP\DRUGI_sve\ji180550_poop_dz2\src -Dfile.encoding=Cp1252 poop.Main

Host: Intel(R) Core(TM) i7-9750H CPU @ 2.60GHz, 12 cores, 15G,  Windows 10 , 64 bit Build 17134 (10.0.17134.1425)
Time: Tue Jul 28 14:48:25 2020 Central Europe Daylight Time elapsed time: 30 seconds (0d 0h 0m 30s)

---------------  T H R E A D  ---------------

Current thread (0x000001e8ec972000):  JavaThread "AWT-EventQueue-0" [_thread_in_Java, id=11396, stack(0x000000c375400000,0x000000c375500000)]

Stack: [0x000000c375400000,0x000000c375500000],  sp=0x000000c3754fbb78,  free space=1006k
Native frames: (J=compiled Java code, j=interpreted, Vv=VM code, C=native code)
C  0x000001e8cf8425cb


siginfo: EXCEPTION_ACCESS_VIOLATION (0xc0000005), reading address 0x000000ff0000010b


Register to memory mapping:

RIP=0x000001e8cf8425cb is at code_begin+11 in an Interpreter codelet
iaload  46 iaload  [0x000001e8cf8425c0, 0x000001e8cf842600]  64 bytes
RAX=0x0000000000000000 is an unknown value
RBX=0x000000000000002e is an unknown value
RCX=0x000000000000006c is an unknown value
RDX=0x000000ff000000ff is an unknown value
RSP=0x000000c3754fbb78 is pointing into the stack for thread: 0x000001e8ec972000
RBP=0x000000c3754fbbc8 is pointing into the stack for thread: 0x000001e8ec972000
RSI=0x0000000000200021 is an unknown value
RDI=0x000001e8cf839e80 is at code_begin+1664 in an Interpreter codelet
invoke return entry points  [0x000001e8cf839800, 0x000001e8cf83a1e0]  2528 bytes
R8 =0x0000000000000000 is an unknown value
R9 =0x0000000000000000 is an unknown value
R10=0x00000000726ad2e0 jvm.dll
R11=0x000000c3754fbb28 is pointing into the stack for thread: 0x000001e8ec972000
R12=0x0000000000000000 is an unknown value
R13=0x000001e8ec088945 is pointing into metadata
R14=0x000000c3754fbbf0 is pointing into the stack for thread: 0x000001e8ec972000
R15=0x000001e8ec972000 is a thread


Registers:
RAX=0x0000000000000000, RBX=0x000000000000002e, RCX=0x000000000000006c, RDX=0x000000ff000000ff
RSP=0x000000c3754fbb78, RBP=0x000000c3754fbbc8, RSI=0x0000000000200021, RDI=0x000001e8cf839e80
R8 =0x0000000000000000, R9 =0x0000000000000000, R10=0x00000000726ad2e0, R11=0x000000c3754fbb28
R12=0x0000000000000000, R13=0x000001e8ec088945, R14=0x000000c3754fbbf0, R15=0x000001e8ec972000
RIP=0x000001e8cf8425cb, EFLAGS=0x0000000000010202

Top of Stack: (sp=0x000000c3754fbb78)
0x000000c3754fbb78:   00000006c3e0d638 000000c3754fbb80
0x000000c3754fbb88:   000001e8ec08893e 000000c3754fbbf0
0x000000c3754fbb98:   000001e8ec089530 0000000000000000
0x000000c3754fbba8:   00000006cc540048 000001e8ec0889a0
0x000000c3754fbbb8:   0000000000000000 000000c3754fbbe8
0x000000c3754fbbc8:   000000c3754fbc40 000001e8cf83a103
0x000000c3754fbbd8:   000000ff000000ff 0000000000000000
0x000000c3754fbbe8:   00000006c3e0d638 00000006cc540138
0x000000c3754fbbf8:   000000c3754fbbf8 000001e8ebda2338
0x000000c3754fbc08:   000000c3754fbc60 000001e8ec083ab0
0x000000c3754fbc18:   0000000000000000 00000006c4a7a478
0x000000c3754fbc28:   000001e8ebda23a0 000000c3754fbbe8
0x000000c3754fbc38:   000000c3754fbc60 000000c3754fbcb0
0x000000c3754fbc48:   000001e8cf83a103 0000000000000000
0x000000c3754fbc58:   0000000000000000 00000006c1e01d10
0x000000c3754fbc68:   000000c3754fbc68 000001e8ec083107 

Instructions: (pc=0x000001e8cf8425cb)
0x000001e8cf8425ab:   72 00 00 00 00 2e 00 00 00 00 00 00 00 00 00 00
0x000001e8cf8425bb:   00 00 00 00 00 8b 04 24 48 83 c4 08 5a 48 63 c0
0x000001e8cf8425cb:   3b 42 0c 8b d8 0f 83 ea b2 ff ff 8b 44 82 10 41
0x000001e8cf8425db:   0f b6 5d 01 49 ff c5 49 ba e0 d2 6a 72 00 00 00 


iaload  46 iaload  [0x000001e8cf8425c0, 0x000001e8cf842600]  64 bytes

---------------  P R O C E S S  ---------------

Threads class SMR info:
_java_thread_list=0x000001e8f441c390, length=19, elements={
0x000001e8ec24a000, 0x000001e8ec280000, 0x000001e8ec28f000, 0x000001e8ec290000,
0x000001e8ec295000, 0x000001e8ec295800, 0x000001e8ec29f800, 0x000001e8ec2a3000,
0x000001e8ec2c1800, 0x000001e8ec483000, 0x000001e8ec489800, 0x000001e8ec974000,
0x000001e8ec977000, 0x000001e8ec975800, 0x000001e8ec972000, 0x000001e8ec977800,
0x000001e8ec974800, 0x000001e8ec976000, 0x000001e8ec978800
}

Java Threads: ( => current thread )
  0x000001e8ec24a000 JavaThread "Reference Handler" daemon [_thread_blocked, id=3408, stack(0x000000c374300000,0x000000c374400000)]
  0x000001e8ec280000 JavaThread "Finalizer" daemon [_thread_blocked, id=512, stack(0x000000c374400000,0x000000c374500000)]
  0x000001e8ec28f000 JavaThread "Signal Dispatcher" daemon [_thread_blocked, id=1336, stack(0x000000c374500000,0x000000c374600000)]
  0x000001e8ec290000 JavaThread "Attach Listener" daemon [_thread_blocked, id=832, stack(0x000000c374600000,0x000000c374700000)]
  0x000001e8ec295000 JavaThread "C2 CompilerThread0" daemon [_thread_blocked, id=17004, stack(0x000000c374700000,0x000000c374800000)]
  0x000001e8ec295800 JavaThread "C2 CompilerThread1" daemon [_thread_blocked, id=17324, stack(0x000000c374800000,0x000000c374900000)]
  0x000001e8ec29f800 JavaThread "C2 CompilerThread2" daemon [_thread_blocked, id=11380, stack(0x000000c374900000,0x000000c374a00000)]
  0x000001e8ec2a3000 JavaThread "C1 CompilerThread3" daemon [_thread_blocked, id=4708, stack(0x000000c374a00000,0x000000c374b00000)]
  0x000001e8ec2c1800 JavaThread "Sweeper thread" daemon [_thread_blocked, id=17496, stack(0x000000c374b00000,0x000000c374c00000)]
  0x000001e8ec483000 JavaThread "Service Thread" daemon [_thread_blocked, id=6644, stack(0x000000c374c00000,0x000000c374d00000)]
  0x000001e8ec489800 JavaThread "Common-Cleaner" daemon [_thread_blocked, id=17524, stack(0x000000c374d00000,0x000000c374e00000)]
  0x000001e8ec974000 JavaThread "Java2D Disposer" daemon [_thread_blocked, id=1740, stack(0x000000c374f00000,0x000000c375000000)]
  0x000001e8ec977000 JavaThread "AWT-Shutdown" [_thread_blocked, id=8436, stack(0x000000c375000000,0x000000c375100000)]
  0x000001e8ec975800 JavaThread "AWT-Windows" daemon [_thread_in_native, id=10876, stack(0x000000c375100000,0x000000c375200000)]
=>0x000001e8ec972000 JavaThread "AWT-EventQueue-0" [_thread_in_Java, id=11396, stack(0x000000c375400000,0x000000c375500000)]
  0x000001e8ec977800 JavaThread "DestroyJavaVM" [_thread_blocked, id=1516, stack(0x000000c372800000,0x000000c372900000)]
  0x000001e8ec974800 JavaThread "D3D Screen Updater" daemon [_thread_blocked, id=6800, stack(0x000000c375500000,0x000000c375600000)]
  0x000001e8ec976000 JavaThread "Swing-Shell" daemon [_thread_blocked, id=10188, stack(0x000000c375800000,0x000000c375900000)]
  0x000001e8ec978800 JavaThread "TimerQueue" daemon [_thread_blocked, id=10840, stack(0x000000c375c00000,0x000000c375d00000)]

Other Threads:
  0x000001e8ec247800 VMThread "VM Thread" [stack: 0x000000c374200000,0x000000c374300000] [id=9220]
  0x000001e8ec48a800 WatcherThread [stack: 0x000000c374e00000,0x000000c374f00000] [id=18392]
  0x000001e8c68da800 GCTaskThread "GC Thread#0" [stack: 0x000000c372900000,0x000000c372a00000] [id=17960]
  0x000001e8c68de800 GCTaskThread "GC Thread#1" [stack: 0x000000c372a00000,0x000000c372b00000] [id=18292]
  0x000001e8c68e1800 GCTaskThread "GC Thread#2" [stack: 0x000000c372b00000,0x000000c372c00000] [id=18368]
  0x000001e8c68e8800 GCTaskThread "GC Thread#3" [stack: 0x000000c372c00000,0x000000c372d00000] [id=10796]
  0x000001e8c68ec000 GCTaskThread "GC Thread#4" [stack: 0x000000c372d00000,0x000000c372e00000] [id=16452]
  0x000001e8c68f0800 GCTaskThread "GC Thread#5" [stack: 0x000000c372e00000,0x000000c372f00000] [id=8956]
  0x000001e8c68fa000 GCTaskThread "GC Thread#6" [stack: 0x000000c372f00000,0x000000c373000000] [id=4720]
  0x000001e8c68f2800 GCTaskThread "GC Thread#7" [stack: 0x000000c373000000,0x000000c373100000] [id=3776]
  0x000001e8c68f9800 GCTaskThread "GC Thread#8" [stack: 0x000000c373100000,0x000000c373200000] [id=1660]
  0x000001e8c68f4000 GCTaskThread "GC Thread#9" [stack: 0x000000c373200000,0x000000c373300000] [id=14868]
  0x000001e8c694b800 ConcurrentGCThread "G1 Main Marker" [stack: 0x000000c373300000,0x000000c373400000] [id=2244]
  0x000001e8c68f4800 ConcurrentGCThread "G1 Conc#0" [stack: 0x000000c373400000,0x000000c373500000] [id=2432]
  0x000001e8c68f6800 ConcurrentGCThread "G1 Conc#1" [stack: 0x000000c373500000,0x000000c373600000] [id=2276]
  0x000001e8c68f3800 ConcurrentGCThread "G1 Conc#2" [stack: 0x000000c373600000,0x000000c373700000] [id=16612]
  0x000001e8e8d35800 ConcurrentGCThread "G1 Refine#0" [stack: 0x000000c373700000,0x000000c373800000] [id=17880]
  0x000001e8e8d36000 ConcurrentGCThread "G1 Refine#1" [stack: 0x000000c373800000,0x000000c373900000] [id=12832]
  0x000001e8e8d36800 ConcurrentGCThread "G1 Refine#2" [stack: 0x000000c373900000,0x000000c373a00000] [id=10056]
  0x000001e8e8d3a800 ConcurrentGCThread "G1 Refine#3" [stack: 0x000000c373a00000,0x000000c373b00000] [id=10380]
  0x000001e8e8d3f000 ConcurrentGCThread "G1 Refine#4" [stack: 0x000000c373b00000,0x000000c373c00000] [id=17148]
  0x000001e8e8d49800 ConcurrentGCThread "G1 Refine#5" [stack: 0x000000c373c00000,0x000000c373d00000] [id=1976]
  0x000001e8e8d52800 ConcurrentGCThread "G1 Refine#6" [stack: 0x000000c373d00000,0x000000c373e00000] [id=13900]
  0x000001e8e8d53800 ConcurrentGCThread "G1 Refine#7" [stack: 0x000000c373e00000,0x000000c373f00000] [id=13364]
  0x000001e8e8d54000 ConcurrentGCThread "G1 Refine#8" [stack: 0x000000c373f00000,0x000000c374000000] [id=3020]
  0x000001e8e8d55000 ConcurrentGCThread "G1 Refine#9" [stack: 0x000000c374000000,0x000000c374100000] [id=4024]
  0x000001e8e8d56800 ConcurrentGCThread "G1 Young RemSet Sampling" [stack: 0x000000c374100000,0x000000c374200000] [id=9224]

Threads with active compile tasks:

VM state:not at safepoint (normal execution)

VM Mutex/Monitor currently owned by a thread: None

Heap address: 0x00000006c1e00000, size: 4066 MB, Compressed Oops mode: Zero based, Oop shift amount: 3
Narrow klass base: 0x0000000000000000, Narrow klass shift: 3
Compressed class space size: 1073741824 Address: 0x00000007c0000000

Heap:
 garbage-first heap   total 262144K, used 142354K [0x00000006c1e00000, 0x00000007c0000000)
  region size 1024K, 91 young (93184K), 1 survivors (1024K)
 Metaspace       used 16560K, capacity 16939K, committed 17408K, reserved 1064960K
  class space    used 1998K, capacity 2186K, committed 2304K, reserved 1048576K
Heap Regions: E=young(eden), S=young(survivor), O=old, HS=humongous(starts), HC=humongous(continues), CS=collection set, F=free, A=archive, TS=gc time stamp, AC=allocation context, TAMS=top-at-mark-start (previous, next)
|   0|0x00000006c1e00000, 0x00000006c1f00000, 0x00000006c1f00000|100%| O|  |TS  3|AC  0|TAMS 0x00000006c1e00000, 0x00000006c1e00000|
|   1|0x00000006c1f00000, 0x00000006c2000000, 0x00000006c2000000|100%| O|  |TS  3|AC  0|TAMS 0x00000006c1f00000, 0x00000006c1f00000|
|   2|0x00000006c2000000, 0x00000006c2100000, 0x00000006c2100000|100%| O|  |TS  3|AC  0|TAMS 0x00000006c2000000, 0x00000006c2000000|
|   3|0x00000006c2100000, 0x00000006c2200000, 0x00000006c2200000|100%| O|  |TS  3|AC  0|TAMS 0x00000006c2100000, 0x00000006c2100000|
|   4|0x00000006c2200000, 0x00000006c2300000, 0x00000006c2300000|100%| O|  |TS  3|AC  0|TAMS 0x00000006c2200000, 0x00000006c2200000|
|   5|0x00000006c2300000, 0x00000006c2400000, 0x00000006c2400000|100%| O|  |TS  1|AC  0|TAMS 0x00000006c2300000, 0x00000006c2300000|
|   6|0x00000006c2400000, 0x00000006c2500000, 0x00000006c2500000|100%| O|  |TS  1|AC  0|TAMS 0x00000006c2400000, 0x00000006c2400000|
|   7|0x00000006c2500000, 0x00000006c2600000, 0x00000006c2600000|100%| O|  |TS  1|AC  0|TAMS 0x00000006c2500000, 0x00000006c2500000|
|   8|0x00000006c2600000, 0x00000006c2700000, 0x00000006c2700000|100%| O|  |TS  1|AC  0|TAMS 0x00000006c2600000, 0x00000006c2600000|
|   9|0x00000006c2700000, 0x00000006c2800000, 0x00000006c2800000|100%| O|  |TS  2|AC  0|TAMS 0x00000006c2700000, 0x00000006c2700000|
|  10|0x00000006c2800000, 0x00000006c2900000, 0x00000006c2900000|100%| O|  |TS  2|AC  0|TAMS 0x00000006c2800000, 0x00000006c2800000|
|  11|0x00000006c2900000, 0x00000006c2a00000, 0x00000006c2a00000|100%| O|  |TS  2|AC  0|TAMS 0x00000006c2900000, 0x00000006c2900000|
|  12|0x00000006c2a00000, 0x00000006c2b00000, 0x00000006c2b00000|100%| O|  |TS  2|AC  0|TAMS 0x00000006c2a00000, 0x00000006c2a00000|
|  13|0x00000006c2b00000, 0x00000006c2c00000, 0x00000006c2c00000|100%| O|  |TS  2|AC  0|TAMS 0x00000006c2b00000, 0x00000006c2b00000|
|  14|0x00000006c2c00000, 0x00000006c2d00000, 0x00000006c2d00000|100%| O|  |TS  2|AC  0|TAMS 0x00000006c2c00000, 0x00000006c2c00000|
|  15|0x00000006c2d00000, 0x00000006c2e00000, 0x00000006c2e00000|100%| O|  |TS  2|AC  0|TAMS 0x00000006c2d00000, 0x00000006c2d00000|
|  16|0x00000006c2e00000, 0x00000006c2f00000, 0x00000006c2f00000|100%| O|  |TS  2|AC  0|TAMS 0x00000006c2e00000, 0x00000006c2e00000|
|  17|0x00000006c2f00000, 0x00000006c3000000, 0x00000006c3000000|100%| O|  |TS  2|AC  0|TAMS 0x00000006c2f00000, 0x00000006c2f00000|
|  18|0x00000006c3000000, 0x00000006c3100000, 0x00000006c3100000|100%| O|  |TS  2|AC  0|TAMS 0x00000006c3000000, 0x00000006c3000000|
|  19|0x00000006c3100000, 0x00000006c3200000, 0x00000006c3200000|100%| O|  |TS  2|AC  0|TAMS 0x00000006c3100000, 0x00000006c3100000|
|  20|0x00000006c3200000, 0x00000006c3300000, 0x00000006c3300000|100%| O|  |TS  2|AC  0|TAMS 0x00000006c3200000, 0x00000006c3200000|
|  21|0x00000006c3300000, 0x00000006c3400000, 0x00000006c3400000|100%| O|  |TS  2|AC  0|TAMS 0x00000006c3300000, 0x00000006c3300000|
|  22|0x00000006c3400000, 0x00000006c3500000, 0x00000006c3500000|100%| O|  |TS  2|AC  0|TAMS 0x00000006c3400000, 0x00000006c3400000|
|  23|0x00000006c3500000, 0x00000006c3600000, 0x00000006c3600000|100%| O|  |TS  2|AC  0|TAMS 0x00000006c3500000, 0x00000006c3500000|
|  24|0x00000006c3600000, 0x00000006c3700000, 0x00000006c3700000|100%| O|  |TS  2|AC  0|TAMS 0x00000006c3600000, 0x00000006c3600000|
|  25|0x00000006c3700000, 0x00000006c3800000, 0x00000006c3800000|100%| O|  |TS  2|AC  0|TAMS 0x00000006c3700000, 0x00000006c3700000|
|  26|0x00000006c3800000, 0x00000006c3900000, 0x00000006c3900000|100%| O|  |TS  2|AC  0|TAMS 0x00000006c3800000, 0x00000006c3800000|
|  27|0x00000006c3900000, 0x00000006c3a00000, 0x00000006c3a00000|100%| O|  |TS  2|AC  0|TAMS 0x00000006c3900000, 0x00000006c3900000|
|  28|0x00000006c3a00000, 0x00000006c3b00000, 0x00000006c3b00000|100%| O|  |TS  2|AC  0|TAMS 0x00000006c3a00000, 0x00000006c3a00000|
|  29|0x00000006c3b00000, 0x00000006c3c00000, 0x00000006c3c00000|100%| O|  |TS  2|AC  0|TAMS 0x00000006c3b00000, 0x00000006c3b00000|
|  30|0x00000006c3c00000, 0x00000006c3d00000, 0x00000006c3d00000|100%| O|  |TS  2|AC  0|TAMS 0x00000006c3c00000, 0x00000006c3c00000|
|  31|0x00000006c3d00000, 0x00000006c3e00000, 0x00000006c3e00000|100%| O|  |TS  2|AC  0|TAMS 0x00000006c3d00000, 0x00000006c3d00000|
|  32|0x00000006c3e00000, 0x00000006c3f00000, 0x00000006c3f00000|100%| O|  |TS  2|AC  0|TAMS 0x00000006c3e00000, 0x00000006c3e00000|
|  33|0x00000006c3f00000, 0x00000006c4000000, 0x00000006c4000000|100%| O|  |TS  2|AC  0|TAMS 0x00000006c3f00000, 0x00000006c3f00000|
|  34|0x00000006c4000000, 0x00000006c4100000, 0x00000006c4100000|100%| O|  |TS  2|AC  0|TAMS 0x00000006c4000000, 0x00000006c4000000|
|  35|0x00000006c4100000, 0x00000006c4200000, 0x00000006c4200000|100%| O|  |TS  2|AC  0|TAMS 0x00000006c4100000, 0x00000006c4100000|
|  36|0x00000006c4200000, 0x00000006c4300000, 0x00000006c4300000|100%| O|  |TS  2|AC  0|TAMS 0x00000006c4200000, 0x00000006c4200000|
|  37|0x00000006c4300000, 0x00000006c4400000, 0x00000006c4400000|100%| O|  |TS  2|AC  0|TAMS 0x00000006c4300000, 0x00000006c4300000|
|  38|0x00000006c4400000, 0x00000006c4500000, 0x00000006c4500000|100%| O|  |TS  2|AC  0|TAMS 0x00000006c4400000, 0x00000006c4400000|
|  39|0x00000006c4500000, 0x00000006c4600000, 0x00000006c4600000|100%| O|  |TS  2|AC  0|TAMS 0x00000006c4500000, 0x00000006c4500000|
|  40|0x00000006c4600000, 0x00000006c4700000, 0x00000006c4700000|100%| O|  |TS  2|AC  0|TAMS 0x00000006c4600000, 0x00000006c4600000|
|  41|0x00000006c4700000, 0x00000006c4800000, 0x00000006c4800000|100%| O|  |TS  2|AC  0|TAMS 0x00000006c4700000, 0x00000006c4700000|
|  42|0x00000006c4800000, 0x00000006c4900000, 0x00000006c4900000|100%| O|  |TS  2|AC  0|TAMS 0x00000006c4800000, 0x00000006c4800000|
|  43|0x00000006c4900000, 0x00000006c4a00000, 0x00000006c4a00000|100%| O|  |TS  2|AC  0|TAMS 0x00000006c4900000, 0x00000006c4900000|
|  44|0x00000006c4a00000, 0x00000006c4b00000, 0x00000006c4b00000|100%| O|  |TS  3|AC  0|TAMS 0x00000006c4a00000, 0x00000006c4a00000|
|  45|0x00000006c4b00000, 0x00000006c4c00000, 0x00000006c4c00000|100%| O|  |TS  3|AC  0|TAMS 0x00000006c4b00000, 0x00000006c4b00000|
|  46|0x00000006c4c00000, 0x00000006c4d00000, 0x00000006c4d00000|100%| O|  |TS  3|AC  0|TAMS 0x00000006c4c00000, 0x00000006c4c00000|
|  47|0x00000006c4d00000, 0x00000006c4e00000, 0x00000006c4e00000|100%| O|  |TS  3|AC  0|TAMS 0x00000006c4d00000, 0x00000006c4d00000|
|  48|0x00000006c4e00000, 0x00000006c4f00000, 0x00000006c4f00000|100%| O|  |TS  3|AC  0|TAMS 0x00000006c4e00000, 0x00000006c4e00000|
|  49|0x00000006c4f00000, 0x00000006c5000000, 0x00000006c5000000|100%| O|  |TS  3|AC  0|TAMS 0x00000006c4f00000, 0x00000006c4f00000|
|  50|0x00000006c5000000, 0x00000006c5000000, 0x00000006c5100000|  0%| F|  |TS  0|AC  0|TAMS 0x00000006c5000000, 0x00000006c5000000|
|  51|0x00000006c5100000, 0x00000006c5100000, 0x00000006c5200000|  0%| F|  |TS  0|AC  0|TAMS 0x00000006c5100000, 0x00000006c5100000|
|  52|0x00000006c5200000, 0x00000006c5200000, 0x00000006c5300000|  0%| F|  |TS  0|AC  0|TAMS 0x00000006c5200000, 0x00000006c5200000|
|  53|0x00000006c5300000, 0x00000006c5300000, 0x00000006c5400000|  0%| F|  |TS  0|AC  0|TAMS 0x00000006c5300000, 0x00000006c5300000|
|  54|0x00000006c5400000, 0x00000006c5400000, 0x00000006c5500000|  0%| F|  |TS  0|AC  0|TAMS 0x00000006c5400000, 0x00000006c5400000|
|  55|0x00000006c5500000, 0x00000006c5500000, 0x00000006c5600000|  0%| F|  |TS  0|AC  0|TAMS 0x00000006c5500000, 0x00000006c5500000|
|  56|0x00000006c5600000, 0x00000006c5600000, 0x00000006c5700000|  0%| F|  |TS  0|AC  0|TAMS 0x00000006c5600000, 0x00000006c5600000|
|  57|0x00000006c5700000, 0x00000006c5700000, 0x00000006c5800000|  0%| F|  |TS  0|AC  0|TAMS 0x00000006c5700000, 0x00000006c5700000|
|  58|0x00000006c5800000, 0x00000006c5800000, 0x00000006c5900000|  0%| F|  |TS  0|AC  0|TAMS 0x00000006c5800000, 0x00000006c5800000|
|  59|0x00000006c5900000, 0x00000006c5900000, 0x00000006c5a00000|  0%| F|  |TS  0|AC  0|TAMS 0x00000006c5900000, 0x00000006c5900000|
|  60|0x00000006c5a00000, 0x00000006c5a00000, 0x00000006c5b00000|  0%| F|  |TS  0|AC  0|TAMS 0x00000006c5a00000, 0x00000006c5a00000|
|  61|0x00000006c5b00000, 0x00000006c5b00000, 0x00000006c5c00000|  0%| F|  |TS  0|AC  0|TAMS 0x00000006c5b00000, 0x00000006c5b00000|
|  62|0x00000006c5c00000, 0x00000006c5c00000, 0x00000006c5d00000|  0%| F|  |TS  0|AC  0|TAMS 0x00000006c5c00000, 0x00000006c5c00000|
|  63|0x00000006c5d00000, 0x00000006c5d00000, 0x00000006c5e00000|  0%| F|  |TS  0|AC  0|TAMS 0x00000006c5d00000, 0x00000006c5d00000|
|  64|0x00000006c5e00000, 0x00000006c5e00000, 0x00000006c5f00000|  0%| F|  |TS  0|AC  0|TAMS 0x00000006c5e00000, 0x00000006c5e00000|
|  65|0x00000006c5f00000, 0x00000006c5f00000, 0x00000006c6000000|  0%| F|  |TS  0|AC  0|TAMS 0x00000006c5f00000, 0x00000006c5f00000|
|  66|0x00000006c6000000, 0x00000006c6000000, 0x00000006c6100000|  0%| F|  |TS  0|AC  0|TAMS 0x00000006c6000000, 0x00000006c6000000|
|  67|0x00000006c6100000, 0x00000006c6100000, 0x00000006c6200000|  0%| F|  |TS  0|AC  0|TAMS 0x00000006c6100000, 0x00000006c6100000|
|  68|0x00000006c6200000, 0x00000006c6200000, 0x00000006c6300000|  0%| F|  |TS  0|AC  0|TAMS 0x00000006c6200000, 0x00000006c6200000|
|  69|0x00000006c6300000, 0x00000006c6300000, 0x00000006c6400000|  0%| F|  |TS  0|AC  0|TAMS 0x00000006c6300000, 0x00000006c6300000|
|  70|0x00000006c6400000, 0x00000006c6400000, 0x00000006c6500000|  0%| F|  |TS  0|AC  0|TAMS 0x00000006c6400000, 0x00000006c6400000|
|  71|0x00000006c6500000, 0x00000006c6500000, 0x00000006c6600000|  0%| F|  |TS  0|AC  0|TAMS 0x00000006c6500000, 0x00000006c6500000|
|  72|0x00000006c6600000, 0x00000006c6600000, 0x00000006c6700000|  0%| F|  |TS  0|AC  0|TAMS 0x00000006c6600000, 0x00000006c6600000|
|  73|0x00000006c6700000, 0x00000006c6700000, 0x00000006c6800000|  0%| F|  |TS  0|AC  0|TAMS 0x00000006c6700000, 0x00000006c6700000|
|  74|0x00000006c6800000, 0x00000006c6800000, 0x00000006c6900000|  0%| F|  |TS  0|AC  0|TAMS 0x00000006c6800000, 0x00000006c6800000|
|  75|0x00000006c6900000, 0x00000006c6900000, 0x00000006c6a00000|  0%| F|  |TS  0|AC  0|TAMS 0x00000006c6900000, 0x00000006c6900000|
|  76|0x00000006c6a00000, 0x00000006c6a00000, 0x00000006c6b00000|  0%| F|  |TS  0|AC  0|TAMS 0x00000006c6a00000, 0x00000006c6a00000|
|  77|0x00000006c6b00000, 0x00000006c6b00000, 0x00000006c6c00000|  0%| F|  |TS  0|AC  0|TAMS 0x00000006c6b00000, 0x00000006c6b00000|
|  78|0x00000006c6c00000, 0x00000006c6c00000, 0x00000006c6d00000|  0%| F|  |TS  0|AC  0|TAMS 0x00000006c6c00000, 0x00000006c6c00000|
|  79|0x00000006c6d00000, 0x00000006c6d00000, 0x00000006c6e00000|  0%| F|  |TS  0|AC  0|TAMS 0x00000006c6d00000, 0x00000006c6d00000|
|  80|0x00000006c6e00000, 0x00000006c6e00000, 0x00000006c6f00000|  0%| F|  |TS  0|AC  0|TAMS 0x00000006c6e00000, 0x00000006c6e00000|
|  81|0x00000006c6f00000, 0x00000006c6f00000, 0x00000006c7000000|  0%| F|  |TS  0|AC  0|TAMS 0x00000006c6f00000, 0x00000006c6f00000|
|  82|0x00000006c7000000, 0x00000006c7000000, 0x00000006c7100000|  0%| F|  |TS  0|AC  0|TAMS 0x00000006c7000000, 0x00000006c7000000|
|  83|0x00000006c7100000, 0x00000006c7100000, 0x00000006c7200000|  0%| F|  |TS  0|AC  0|TAMS 0x00000006c7100000, 0x00000006c7100000|
|  84|0x00000006c7200000, 0x00000006c7200000, 0x00000006c7300000|  0%| F|  |TS  0|AC  0|TAMS 0x00000006c7200000, 0x00000006c7200000|
|  85|0x00000006c7300000, 0x00000006c7300000, 0x00000006c7400000|  0%| F|  |TS  0|AC  0|TAMS 0x00000006c7300000, 0x00000006c7300000|
|  86|0x00000006c7400000, 0x00000006c7400000, 0x00000006c7500000|  0%| F|  |TS  0|AC  0|TAMS 0x00000006c7400000, 0x00000006c7400000|
|  87|0x00000006c7500000, 0x00000006c7500000, 0x00000006c7600000|  0%| F|  |TS  0|AC  0|TAMS 0x00000006c7500000, 0x00000006c7500000|
|  88|0x00000006c7600000, 0x00000006c7600000, 0x00000006c7700000|  0%| F|  |TS  0|AC  0|TAMS 0x00000006c7600000, 0x00000006c7600000|
|  89|0x00000006c7700000, 0x00000006c7700000, 0x00000006c7800000|  0%| F|  |TS  0|AC  0|TAMS 0x00000006c7700000, 0x00000006c7700000|
|  90|0x00000006c7800000, 0x00000006c7800000, 0x00000006c7900000|  0%| F|  |TS  0|AC  0|TAMS 0x00000006c7800000, 0x00000006c7800000|
|  91|0x00000006c7900000, 0x00000006c7900000, 0x00000006c7a00000|  0%| F|  |TS  0|AC  0|TAMS 0x00000006c7900000, 0x00000006c7900000|
|  92|0x00000006c7a00000, 0x00000006c7a00000, 0x00000006c7b00000|  0%| F|  |TS  0|AC  0|TAMS 0x00000006c7a00000, 0x00000006c7a00000|
|  93|0x00000006c7b00000, 0x00000006c7b00000, 0x00000006c7c00000|  0%| F|  |TS  0|AC  0|TAMS 0x00000006c7b00000, 0x00000006c7b00000|
|  94|0x00000006c7c00000, 0x00000006c7c00000, 0x00000006c7d00000|  0%| F|  |TS  0|AC  0|TAMS 0x00000006c7c00000, 0x00000006c7c00000|
|  95|0x00000006c7d00000, 0x00000006c7d00000, 0x00000006c7e00000|  0%| F|  |TS  0|AC  0|TAMS 0x00000006c7d00000, 0x00000006c7d00000|
|  96|0x00000006c7e00000, 0x00000006c7e00000, 0x00000006c7f00000|  0%| F|  |TS  0|AC  0|TAMS 0x00000006c7e00000, 0x00000006c7e00000|
|  97|0x00000006c7f00000, 0x00000006c7f00000, 0x00000006c8000000|  0%| F|  |TS  0|AC  0|TAMS 0x00000006c7f00000, 0x00000006c7f00000|
|  98|0x00000006c8000000, 0x00000006c8000000, 0x00000006c8100000|  0%| F|  |TS  0|AC  0|TAMS 0x00000006c8000000, 0x00000006c8000000|
|  99|0x00000006c8100000, 0x00000006c8100000, 0x00000006c8200000|  0%| F|  |TS  0|AC  0|TAMS 0x00000006c8100000, 0x00000006c8100000|
| 100|0x00000006c8200000, 0x00000006c8200000, 0x00000006c8300000|  0%| F|  |TS  0|AC  0|TAMS 0x00000006c8200000, 0x00000006c8200000|
| 101|0x00000006c8300000, 0x00000006c8300000, 0x00000006c8400000|  0%| F|  |TS  0|AC  0|TAMS 0x00000006c8300000, 0x00000006c8300000|
| 102|0x00000006c8400000, 0x00000006c8400000, 0x00000006c8500000|  0%| F|  |TS  0|AC  0|TAMS 0x00000006c8400000, 0x00000006c8400000|
| 103|0x00000006c8500000, 0x00000006c8500000, 0x00000006c8600000|  0%| F|  |TS  0|AC  0|TAMS 0x00000006c8500000, 0x00000006c8500000|
| 104|0x00000006c8600000, 0x00000006c8600000, 0x00000006c8700000|  0%| F|  |TS  0|AC  0|TAMS 0x00000006c8600000, 0x00000006c8600000|
| 105|0x00000006c8700000, 0x00000006c8700000, 0x00000006c8800000|  0%| F|  |TS  0|AC  0|TAMS 0x00000006c8700000, 0x00000006c8700000|
| 106|0x00000006c8800000, 0x00000006c8800000, 0x00000006c8900000|  0%| F|  |TS  0|AC  0|TAMS 0x00000006c8800000, 0x00000006c8800000|
| 107|0x00000006c8900000, 0x00000006c8900000, 0x00000006c8a00000|  0%| F|  |TS  0|AC  0|TAMS 0x00000006c8900000, 0x00000006c8900000|
| 108|0x00000006c8a00000, 0x00000006c8a00000, 0x00000006c8b00000|  0%| F|  |TS  0|AC  0|TAMS 0x00000006c8a00000, 0x00000006c8a00000|
| 109|0x00000006c8b00000, 0x00000006c8b00000, 0x00000006c8c00000|  0%| F|  |TS  0|AC  0|TAMS 0x00000006c8b00000, 0x00000006c8b00000|
| 110|0x00000006c8c00000, 0x00000006c8c00000, 0x00000006c8d00000|  0%| F|  |TS  0|AC  0|TAMS 0x00000006c8c00000, 0x00000006c8c00000|
| 111|0x00000006c8d00000, 0x00000006c8d00000, 0x00000006c8e00000|  0%| F|  |TS  0|AC  0|TAMS 0x00000006c8d00000, 0x00000006c8d00000|
| 112|0x00000006c8e00000, 0x00000006c8e00000, 0x00000006c8f00000|  0%| F|  |TS  0|AC  0|TAMS 0x00000006c8e00000, 0x00000006c8e00000|
| 113|0x00000006c8f00000, 0x00000006c8f00000, 0x00000006c9000000|  0%| F|  |TS  0|AC  0|TAMS 0x00000006c8f00000, 0x00000006c8f00000|
| 114|0x00000006c9000000, 0x00000006c9000000, 0x00000006c9100000|  0%| F|  |TS  0|AC  0|TAMS 0x00000006c9000000, 0x00000006c9000000|
| 115|0x00000006c9100000, 0x00000006c9100000, 0x00000006c9200000|  0%| F|  |TS  0|AC  0|TAMS 0x00000006c9100000, 0x00000006c9100000|
| 116|0x00000006c9200000, 0x00000006c9200000, 0x00000006c9300000|  0%| F|  |TS  0|AC  0|TAMS 0x00000006c9200000, 0x00000006c9200000|
| 117|0x00000006c9300000, 0x00000006c9300000, 0x00000006c9400000|  0%| F|  |TS  0|AC  0|TAMS 0x00000006c9300000, 0x00000006c9300000|
| 118|0x00000006c9400000, 0x00000006c9400000, 0x00000006c9500000|  0%| F|  |TS  0|AC  0|TAMS 0x00000006c9400000, 0x00000006c9400000|
| 119|0x00000006c9500000, 0x00000006c9500000, 0x00000006c9600000|  0%| F|  |TS  0|AC  0|TAMS 0x00000006c9500000, 0x00000006c9500000|
| 120|0x00000006c9600000, 0x00000006c9600000, 0x00000006c9700000|  0%| F|  |TS  0|AC  0|TAMS 0x00000006c9600000, 0x00000006c9600000|
| 121|0x00000006c9700000, 0x00000006c9700000, 0x00000006c9800000|  0%| F|  |TS  0|AC  0|TAMS 0x00000006c9700000, 0x00000006c9700000|
| 122|0x00000006c9800000, 0x00000006c9800000, 0x00000006c9900000|  0%| F|  |TS  0|AC  0|TAMS 0x00000006c9800000, 0x00000006c9800000|
| 123|0x00000006c9900000, 0x00000006c9900000, 0x00000006c9a00000|  0%| F|  |TS  0|AC  0|TAMS 0x00000006c9900000, 0x00000006c9900000|
| 124|0x00000006c9a00000, 0x00000006c9a00000, 0x00000006c9b00000|  0%| F|  |TS  0|AC  0|TAMS 0x00000006c9a00000, 0x00000006c9a00000|
| 125|0x00000006c9b00000, 0x00000006c9b00000, 0x00000006c9c00000|  0%| F|  |TS  0|AC  0|TAMS 0x00000006c9b00000, 0x00000006c9b00000|
| 126|0x00000006c9c00000, 0x00000006c9c00000, 0x00000006c9d00000|  0%| F|  |TS  0|AC  0|TAMS 0x00000006c9c00000, 0x00000006c9c00000|
| 127|0x00000006c9d00000, 0x00000006c9d00000, 0x00000006c9e00000|  0%| F|  |TS  0|AC  0|TAMS 0x00000006c9d00000, 0x00000006c9d00000|
| 128|0x00000006c9e00000, 0x00000006c9e00000, 0x00000006c9f00000|  0%| F|  |TS  0|AC  0|TAMS 0x00000006c9e00000, 0x00000006c9e00000|
| 129|0x00000006c9f00000, 0x00000006c9f00000, 0x00000006ca000000|  0%| F|  |TS  0|AC  0|TAMS 0x00000006c9f00000, 0x00000006c9f00000|
| 130|0x00000006ca000000, 0x00000006ca000000, 0x00000006ca100000|  0%| F|  |TS  0|AC  0|TAMS 0x00000006ca000000, 0x00000006ca000000|
| 131|0x00000006ca100000, 0x00000006ca104a88, 0x00000006ca200000|  1%| S|CS|TS  6|AC  0|TAMS 0x00000006ca100000, 0x00000006ca100000|
| 132|0x00000006ca200000, 0x00000006ca200000, 0x00000006ca300000|  0%| F|  |TS  6|AC  0|TAMS 0x00000006ca200000, 0x00000006ca200000|
| 133|0x00000006ca300000, 0x00000006ca300000, 0x00000006ca400000|  0%| F|  |TS  6|AC  0|TAMS 0x00000006ca300000, 0x00000006ca300000|
| 134|0x00000006ca400000, 0x00000006ca400000, 0x00000006ca500000|  0%| F|  |TS  6|AC  0|TAMS 0x00000006ca400000, 0x00000006ca400000|
| 135|0x00000006ca500000, 0x00000006ca500000, 0x00000006ca600000|  0%| F|  |TS  6|AC  0|TAMS 0x00000006ca500000, 0x00000006ca500000|
| 136|0x00000006ca600000, 0x00000006ca600000, 0x00000006ca700000|  0%| F|  |TS  6|AC  0|TAMS 0x00000006ca600000, 0x00000006ca600000|
| 137|0x00000006ca700000, 0x00000006ca700000, 0x00000006ca800000|  0%| F|  |TS  6|AC  0|TAMS 0x00000006ca700000, 0x00000006ca700000|
| 138|0x00000006ca800000, 0x00000006ca800000, 0x00000006ca900000|  0%| F|  |TS  6|AC  0|TAMS 0x00000006ca800000, 0x00000006ca800000|
| 139|0x00000006ca900000, 0x00000006ca900000, 0x00000006caa00000|  0%| F|  |TS  6|AC  0|TAMS 0x00000006ca900000, 0x00000006ca900000|
| 140|0x00000006caa00000, 0x00000006caa00000, 0x00000006cab00000|  0%| F|  |TS  6|AC  0|TAMS 0x00000006caa00000, 0x00000006caa00000|
| 141|0x00000006cab00000, 0x00000006cab00000, 0x00000006cac00000|  0%| F|  |TS  6|AC  0|TAMS 0x00000006cab00000, 0x00000006cab00000|
| 142|0x00000006cac00000, 0x00000006cac00000, 0x00000006cad00000|  0%| F|  |TS  6|AC  0|TAMS 0x00000006cac00000, 0x00000006cac00000|
| 143|0x00000006cad00000, 0x00000006cad00000, 0x00000006cae00000|  0%| F|  |TS  6|AC  0|TAMS 0x00000006cad00000, 0x00000006cad00000|
| 144|0x00000006cae00000, 0x00000006cae00000, 0x00000006caf00000|  0%| F|  |TS  6|AC  0|TAMS 0x00000006cae00000, 0x00000006cae00000|
| 145|0x00000006caf00000, 0x00000006caf00000, 0x00000006cb000000|  0%| F|  |TS  6|AC  0|TAMS 0x00000006caf00000, 0x00000006caf00000|
| 146|0x00000006cb000000, 0x00000006cb000000, 0x00000006cb100000|  0%| F|  |TS  6|AC  0|TAMS 0x00000006cb000000, 0x00000006cb000000|
| 147|0x00000006cb100000, 0x00000006cb100000, 0x00000006cb200000|  0%| F|  |TS  6|AC  0|TAMS 0x00000006cb100000, 0x00000006cb100000|
| 148|0x00000006cb200000, 0x00000006cb200000, 0x00000006cb300000|  0%| F|  |TS  6|AC  0|TAMS 0x00000006cb200000, 0x00000006cb200000|
| 149|0x00000006cb300000, 0x00000006cb300000, 0x00000006cb400000|  0%| F|  |TS  6|AC  0|TAMS 0x00000006cb300000, 0x00000006cb300000|
| 150|0x00000006cb400000, 0x00000006cb400000, 0x00000006cb500000|  0%| F|  |TS  6|AC  0|TAMS 0x00000006cb400000, 0x00000006cb400000|
| 151|0x00000006cb500000, 0x00000006cb500000, 0x00000006cb600000|  0%| F|  |TS  6|AC  0|TAMS 0x00000006cb500000, 0x00000006cb500000|
| 152|0x00000006cb600000, 0x00000006cb600000, 0x00000006cb700000|  0%| F|  |TS  6|AC  0|TAMS 0x00000006cb600000, 0x00000006cb600000|
| 153|0x00000006cb700000, 0x00000006cb700000, 0x00000006cb800000|  0%| F|  |TS  6|AC  0|TAMS 0x00000006cb700000, 0x00000006cb700000|
| 154|0x00000006cb800000, 0x00000006cb800000, 0x00000006cb900000|  0%| F|  |TS  6|AC  0|TAMS 0x00000006cb800000, 0x00000006cb800000|
| 155|0x00000006cb900000, 0x00000006cb900000, 0x00000006cba00000|  0%| F|  |TS  6|AC  0|TAMS 0x00000006cb900000, 0x00000006cb900000|
| 156|0x00000006cba00000, 0x00000006cba00000, 0x00000006cbb00000|  0%| F|  |TS  6|AC  0|TAMS 0x00000006cba00000, 0x00000006cba00000|
| 157|0x00000006cbb00000, 0x00000006cbb00000, 0x00000006cbc00000|  0%| F|  |TS  6|AC  0|TAMS 0x00000006cbb00000, 0x00000006cbb00000|
| 158|0x00000006cbc00000, 0x00000006cbc00000, 0x00000006cbd00000|  0%| F|  |TS  6|AC  0|TAMS 0x00000006cbc00000, 0x00000006cbc00000|
| 159|0x00000006cbd00000, 0x00000006cbd00000, 0x00000006cbe00000|  0%| F|  |TS  6|AC  0|TAMS 0x00000006cbd00000, 0x00000006cbd00000|
| 160|0x00000006cbe00000, 0x00000006cbe00000, 0x00000006cbf00000|  0%| F|  |TS  6|AC  0|TAMS 0x00000006cbe00000, 0x00000006cbe00000|
| 161|0x00000006cbf00000, 0x00000006cbf00000, 0x00000006cc000000|  0%| F|  |TS  6|AC  0|TAMS 0x00000006cbf00000, 0x00000006cbf00000|
| 162|0x00000006cc000000, 0x00000006cc000000, 0x00000006cc100000|  0%| F|  |TS  6|AC  0|TAMS 0x00000006cc000000, 0x00000006cc000000|
| 163|0x00000006cc100000, 0x00000006cc100000, 0x00000006cc200000|  0%| F|  |TS  6|AC  0|TAMS 0x00000006cc100000, 0x00000006cc100000|
| 164|0x00000006cc200000, 0x00000006cc200000, 0x00000006cc300000|  0%| F|  |TS  6|AC  0|TAMS 0x00000006cc200000, 0x00000006cc200000|
| 165|0x00000006cc300000, 0x00000006cc300000, 0x00000006cc400000|  0%| F|  |TS  6|AC  0|TAMS 0x00000006cc300000, 0x00000006cc300000|
| 166|0x00000006cc400000, 0x00000006cc400800, 0x00000006cc500000|  0%| E|  |TS  6|AC  0|TAMS 0x00000006cc400000, 0x00000006cc400000|
| 167|0x00000006cc500000, 0x00000006cc600000, 0x00000006cc600000|100%| E|CS|TS  6|AC  0|TAMS 0x00000006cc500000, 0x00000006cc500000|
| 168|0x00000006cc600000, 0x00000006cc700000, 0x00000006cc700000|100%| E|CS|TS  6|AC  0|TAMS 0x00000006cc600000, 0x00000006cc600000|
| 169|0x00000006cc700000, 0x00000006cc800000, 0x00000006cc800000|100%| E|CS|TS  6|AC  0|TAMS 0x00000006cc700000, 0x00000006cc700000|
| 170|0x00000006cc800000, 0x00000006cc900000, 0x00000006cc900000|100%| E|CS|TS  6|AC  0|TAMS 0x00000006cc800000, 0x00000006cc800000|
| 171|0x00000006cc900000, 0x00000006cca00000, 0x00000006cca00000|100%| E|CS|TS  6|AC  0|TAMS 0x00000006cc900000, 0x00000006cc900000|
| 172|0x00000006cca00000, 0x00000006ccb00000, 0x00000006ccb00000|100%| E|CS|TS  6|AC  0|TAMS 0x00000006cca00000, 0x00000006cca00000|
| 173|0x00000006ccb00000, 0x00000006ccc00000, 0x00000006ccc00000|100%| E|CS|TS  6|AC  0|TAMS 0x00000006ccb00000, 0x00000006ccb00000|
| 174|0x00000006ccc00000, 0x00000006ccd00000, 0x00000006ccd00000|100%| E|CS|TS  6|AC  0|TAMS 0x00000006ccc00000, 0x00000006ccc00000|
| 175|0x00000006ccd00000, 0x00000006cce00000, 0x00000006cce00000|100%| E|CS|TS  6|AC  0|TAMS 0x00000006ccd00000, 0x00000006ccd00000|
| 176|0x00000006cce00000, 0x00000006ccf00000, 0x00000006ccf00000|100%| E|CS|TS  6|AC  0|TAMS 0x00000006cce00000, 0x00000006cce00000|
| 177|0x00000006ccf00000, 0x00000006cd000000, 0x00000006cd000000|100%| E|CS|TS  6|AC  0|TAMS 0x00000006ccf00000, 0x00000006ccf00000|
| 178|0x00000006cd000000, 0x00000006cd100000, 0x00000006cd100000|100%| E|CS|TS  6|AC  0|TAMS 0x00000006cd000000, 0x00000006cd000000|
| 179|0x00000006cd100000, 0x00000006cd200000, 0x00000006cd200000|100%| E|CS|TS  6|AC  0|TAMS 0x00000006cd100000, 0x00000006cd100000|
| 180|0x00000006cd200000, 0x00000006cd300000, 0x00000006cd300000|100%| E|CS|TS  6|AC  0|TAMS 0x00000006cd200000, 0x00000006cd200000|
| 181|0x00000006cd300000, 0x00000006cd400000, 0x00000006cd400000|100%| E|CS|TS  6|AC  0|TAMS 0x00000006cd300000, 0x00000006cd300000|
| 182|0x00000006cd400000, 0x00000006cd500000, 0x00000006cd500000|100%| E|CS|TS  6|AC  0|TAMS 0x00000006cd400000, 0x00000006cd400000|
| 183|0x00000006cd500000, 0x00000006cd600000, 0x00000006cd600000|100%| E|CS|TS  6|AC  0|TAMS 0x00000006cd500000, 0x00000006cd500000|
| 184|0x00000006cd600000, 0x00000006cd700000, 0x00000006cd700000|100%| E|CS|TS  6|AC  0|TAMS 0x00000006cd600000, 0x00000006cd600000|
| 185|0x00000006cd700000, 0x00000006cd800000, 0x00000006cd800000|100%| E|CS|TS  6|AC  0|TAMS 0x00000006cd700000, 0x00000006cd700000|
| 186|0x00000006cd800000, 0x00000006cd900000, 0x00000006cd900000|100%| E|CS|TS  6|AC  0|TAMS 0x00000006cd800000, 0x00000006cd800000|
| 187|0x00000006cd900000, 0x00000006cda00000, 0x00000006cda00000|100%| E|CS|TS  6|AC  0|TAMS 0x00000006cd900000, 0x00000006cd900000|
| 188|0x00000006cda00000, 0x00000006cdb00000, 0x00000006cdb00000|100%| E|CS|TS  6|AC  0|TAMS 0x00000006cda00000, 0x00000006cda00000|
| 189|0x00000006cdb00000, 0x00000006cdc00000, 0x00000006cdc00000|100%| E|CS|TS  6|AC  0|TAMS 0x00000006cdb00000, 0x00000006cdb00000|
| 190|0x00000006cdc00000, 0x00000006cdd00000, 0x00000006cdd00000|100%| E|CS|TS  6|AC  0|TAMS 0x00000006cdc00000, 0x00000006cdc00000|
| 191|0x00000006cdd00000, 0x00000006cde00000, 0x00000006cde00000|100%| E|CS|TS  6|AC  0|TAMS 0x00000006cdd00000, 0x00000006cdd00000|
| 192|0x00000006cde00000, 0x00000006cdf00000, 0x00000006cdf00000|100%| E|CS|TS  6|AC  0|TAMS 0x00000006cde00000, 0x00000006cde00000|
| 193|0x00000006cdf00000, 0x00000006ce000000, 0x00000006ce000000|100%| E|CS|TS  6|AC  0|TAMS 0x00000006cdf00000, 0x00000006cdf00000|
| 194|0x00000006ce000000, 0x00000006ce100000, 0x00000006ce100000|100%| E|CS|TS  6|AC  0|TAMS 0x00000006ce000000, 0x00000006ce000000|
| 195|0x00000006ce100000, 0x00000006ce200000, 0x00000006ce200000|100%| E|CS|TS  6|AC  0|TAMS 0x00000006ce100000, 0x00000006ce100000|
| 196|0x00000006ce200000, 0x00000006ce300000, 0x00000006ce300000|100%| E|CS|TS  6|AC  0|TAMS 0x00000006ce200000, 0x00000006ce200000|
| 197|0x00000006ce300000, 0x00000006ce400000, 0x00000006ce400000|100%| E|CS|TS  6|AC  0|TAMS 0x00000006ce300000, 0x00000006ce300000|
| 198|0x00000006ce400000, 0x00000006ce500000, 0x00000006ce500000|100%| E|CS|TS  6|AC  0|TAMS 0x00000006ce400000, 0x00000006ce400000|
| 199|0x00000006ce500000, 0x00000006ce600000, 0x00000006ce600000|100%| E|CS|TS  6|AC  0|TAMS 0x00000006ce500000, 0x00000006ce500000|
| 200|0x00000006ce600000, 0x00000006ce700000, 0x00000006ce700000|100%| E|CS|TS  6|AC  0|TAMS 0x00000006ce600000, 0x00000006ce600000|
| 201|0x00000006ce700000, 0x00000006ce800000, 0x00000006ce800000|100%| E|CS|TS  6|AC  0|TAMS 0x00000006ce700000, 0x00000006ce700000|
| 202|0x00000006ce800000, 0x00000006ce900000, 0x00000006ce900000|100%| E|CS|TS  6|AC  0|TAMS 0x00000006ce800000, 0x00000006ce800000|
| 203|0x00000006ce900000, 0x00000006cea00000, 0x00000006cea00000|100%| E|CS|TS  6|AC  0|TAMS 0x00000006ce900000, 0x00000006ce900000|
| 204|0x00000006cea00000, 0x00000006ceb00000, 0x00000006ceb00000|100%| E|CS|TS  6|AC  0|TAMS 0x00000006cea00000, 0x00000006cea00000|
| 205|0x00000006ceb00000, 0x00000006cec00000, 0x00000006cec00000|100%| E|CS|TS  6|AC  0|TAMS 0x00000006ceb00000, 0x00000006ceb00000|
| 206|0x00000006cec00000, 0x00000006ced00000, 0x00000006ced00000|100%| E|CS|TS  6|AC  0|TAMS 0x00000006cec00000, 0x00000006cec00000|
| 207|0x00000006ced00000, 0x00000006cee00000, 0x00000006cee00000|100%| E|CS|TS  6|AC  0|TAMS 0x00000006ced00000, 0x00000006ced00000|
| 208|0x00000006cee00000, 0x00000006cef00000, 0x00000006cef00000|100%| E|CS|TS  6|AC  0|TAMS 0x00000006cee00000, 0x00000006cee00000|
| 209|0x00000006cef00000, 0x00000006cf000000, 0x00000006cf000000|100%| E|CS|TS  6|AC  0|TAMS 0x00000006cef00000, 0x00000006cef00000|
| 210|0x00000006cf000000, 0x00000006cf100000, 0x00000006cf100000|100%| E|CS|TS  6|AC  0|TAMS 0x00000006cf000000, 0x00000006cf000000|
| 211|0x00000006cf100000, 0x00000006cf200000, 0x00000006cf200000|100%| E|CS|TS  6|AC  0|TAMS 0x00000006cf100000, 0x00000006cf100000|
| 212|0x00000006cf200000, 0x00000006cf300000, 0x00000006cf300000|100%| E|CS|TS  6|AC  0|TAMS 0x00000006cf200000, 0x00000006cf200000|
| 213|0x00000006cf300000, 0x00000006cf400000, 0x00000006cf400000|100%| E|CS|TS  6|AC  0|TAMS 0x00000006cf300000, 0x00000006cf300000|
| 214|0x00000006cf400000, 0x00000006cf500000, 0x00000006cf500000|100%| E|CS|TS  6|AC  0|TAMS 0x00000006cf400000, 0x00000006cf400000|
| 215|0x00000006cf500000, 0x00000006cf600000, 0x00000006cf600000|100%| E|CS|TS  6|AC  0|TAMS 0x00000006cf500000, 0x00000006cf500000|
| 216|0x00000006cf600000, 0x00000006cf700000, 0x00000006cf700000|100%| E|CS|TS  6|AC  0|TAMS 0x00000006cf600000, 0x00000006cf600000|
| 217|0x00000006cf700000, 0x00000006cf800000, 0x00000006cf800000|100%| E|CS|TS  6|AC  0|TAMS 0x00000006cf700000, 0x00000006cf700000|
| 218|0x00000006cf800000, 0x00000006cf900000, 0x00000006cf900000|100%| E|CS|TS  6|AC  0|TAMS 0x00000006cf800000, 0x00000006cf800000|
| 219|0x00000006cf900000, 0x00000006cfa00000, 0x00000006cfa00000|100%| E|CS|TS  6|AC  0|TAMS 0x00000006cf900000, 0x00000006cf900000|
| 220|0x00000006cfa00000, 0x00000006cfb00000, 0x00000006cfb00000|100%| E|CS|TS  6|AC  0|TAMS 0x00000006cfa00000, 0x00000006cfa00000|
| 221|0x00000006cfb00000, 0x00000006cfc00000, 0x00000006cfc00000|100%| E|CS|TS  6|AC  0|TAMS 0x00000006cfb00000, 0x00000006cfb00000|
| 222|0x00000006cfc00000, 0x00000006cfd00000, 0x00000006cfd00000|100%| E|CS|TS  6|AC  0|TAMS 0x00000006cfc00000, 0x00000006cfc00000|
| 223|0x00000006cfd00000, 0x00000006cfe00000, 0x00000006cfe00000|100%| E|CS|TS  6|AC  0|TAMS 0x00000006cfd00000, 0x00000006cfd00000|
| 224|0x00000006cfe00000, 0x00000006cff00000, 0x00000006cff00000|100%| E|CS|TS  6|AC  0|TAMS 0x00000006cfe00000, 0x00000006cfe00000|
| 225|0x00000006cff00000, 0x00000006d0000000, 0x00000006d0000000|100%| E|CS|TS  6|AC  0|TAMS 0x00000006cff00000, 0x00000006cff00000|
| 226|0x00000006d0000000, 0x00000006d0100000, 0x00000006d0100000|100%| E|CS|TS  6|AC  0|TAMS 0x00000006d0000000, 0x00000006d0000000|
| 227|0x00000006d0100000, 0x00000006d0200000, 0x00000006d0200000|100%| E|CS|TS  6|AC  0|TAMS 0x00000006d0100000, 0x00000006d0100000|
| 228|0x00000006d0200000, 0x00000006d0300000, 0x00000006d0300000|100%| E|CS|TS  6|AC  0|TAMS 0x00000006d0200000, 0x00000006d0200000|
| 229|0x00000006d0300000, 0x00000006d0400000, 0x00000006d0400000|100%| E|CS|TS  6|AC  0|TAMS 0x00000006d0300000, 0x00000006d0300000|
| 230|0x00000006d0400000, 0x00000006d0500000, 0x00000006d0500000|100%| E|CS|TS  6|AC  0|TAMS 0x00000006d0400000, 0x00000006d0400000|
| 231|0x00000006d0500000, 0x00000006d0600000, 0x00000006d0600000|100%| E|CS|TS  6|AC  0|TAMS 0x00000006d0500000, 0x00000006d0500000|
| 232|0x00000006d0600000, 0x00000006d0700000, 0x00000006d0700000|100%| E|CS|TS  6|AC  0|TAMS 0x00000006d0600000, 0x00000006d0600000|
| 233|0x00000006d0700000, 0x00000006d0800000, 0x00000006d0800000|100%| E|CS|TS  6|AC  0|TAMS 0x00000006d0700000, 0x00000006d0700000|
| 234|0x00000006d0800000, 0x00000006d0900000, 0x00000006d0900000|100%| E|CS|TS  6|AC  0|TAMS 0x00000006d0800000, 0x00000006d0800000|
| 235|0x00000006d0900000, 0x00000006d0a00000, 0x00000006d0a00000|100%| E|CS|TS  6|AC  0|TAMS 0x00000006d0900000, 0x00000006d0900000|
| 236|0x00000006d0a00000, 0x00000006d0b00000, 0x00000006d0b00000|100%| E|CS|TS  6|AC  0|TAMS 0x00000006d0a00000, 0x00000006d0a00000|
| 237|0x00000006d0b00000, 0x00000006d0c00000, 0x00000006d0c00000|100%| E|CS|TS  6|AC  0|TAMS 0x00000006d0b00000, 0x00000006d0b00000|
| 238|0x00000006d0c00000, 0x00000006d0d00000, 0x00000006d0d00000|100%| E|CS|TS  6|AC  0|TAMS 0x00000006d0c00000, 0x00000006d0c00000|
| 239|0x00000006d0d00000, 0x00000006d0e00000, 0x00000006d0e00000|100%| E|CS|TS  6|AC  0|TAMS 0x00000006d0d00000, 0x00000006d0d00000|
| 240|0x00000006d0e00000, 0x00000006d0f00000, 0x00000006d0f00000|100%| E|CS|TS  6|AC  0|TAMS 0x00000006d0e00000, 0x00000006d0e00000|
| 241|0x00000006d0f00000, 0x00000006d1000000, 0x00000006d1000000|100%| E|CS|TS  6|AC  0|TAMS 0x00000006d0f00000, 0x00000006d0f00000|
| 242|0x00000006d1000000, 0x00000006d1100000, 0x00000006d1100000|100%| E|CS|TS  6|AC  0|TAMS 0x00000006d1000000, 0x00000006d1000000|
| 243|0x00000006d1100000, 0x00000006d1200000, 0x00000006d1200000|100%| E|CS|TS  6|AC  0|TAMS 0x00000006d1100000, 0x00000006d1100000|
| 244|0x00000006d1200000, 0x00000006d1300000, 0x00000006d1300000|100%| E|CS|TS  6|AC  0|TAMS 0x00000006d1200000, 0x00000006d1200000|
| 245|0x00000006d1300000, 0x00000006d1400000, 0x00000006d1400000|100%| E|CS|TS  6|AC  0|TAMS 0x00000006d1300000, 0x00000006d1300000|
| 246|0x00000006d1400000, 0x00000006d1500000, 0x00000006d1500000|100%| E|CS|TS  6|AC  0|TAMS 0x00000006d1400000, 0x00000006d1400000|
| 247|0x00000006d1500000, 0x00000006d1600000, 0x00000006d1600000|100%| E|CS|TS  6|AC  0|TAMS 0x00000006d1500000, 0x00000006d1500000|
| 248|0x00000006d1600000, 0x00000006d1700000, 0x00000006d1700000|100%| E|CS|TS  6|AC  0|TAMS 0x00000006d1600000, 0x00000006d1600000|
| 249|0x00000006d1700000, 0x00000006d1800000, 0x00000006d1800000|100%| E|CS|TS  6|AC  0|TAMS 0x00000006d1700000, 0x00000006d1700000|
| 250|0x00000006d1800000, 0x00000006d1900000, 0x00000006d1900000|100%| E|CS|TS  6|AC  0|TAMS 0x00000006d1800000, 0x00000006d1800000|
| 251|0x00000006d1900000, 0x00000006d1a00000, 0x00000006d1a00000|100%| E|CS|TS  6|AC  0|TAMS 0x00000006d1900000, 0x00000006d1900000|
| 252|0x00000006d1a00000, 0x00000006d1b00000, 0x00000006d1b00000|100%| E|CS|TS  6|AC  0|TAMS 0x00000006d1a00000, 0x00000006d1a00000|
| 253|0x00000006d1b00000, 0x00000006d1c00000, 0x00000006d1c00000|100%| E|CS|TS  6|AC  0|TAMS 0x00000006d1b00000, 0x00000006d1b00000|
| 254|0x00000006d1c00000, 0x00000006d1d00000, 0x00000006d1d00000|100%| E|CS|TS  6|AC  0|TAMS 0x00000006d1c00000, 0x00000006d1c00000|
| 255|0x00000006d1d00000, 0x00000006d1e00000, 0x00000006d1e00000|100%| E|CS|TS  6|AC  0|TAMS 0x00000006d1d00000, 0x00000006d1d00000|

Card table byte_map: [0x000001e8dfcd0000,0x000001e8e04d0000] byte_map_base: 0x000001e8dc6c1000

Marking Bits (Prev, Next): (CMBitMap*) 0x000001e8e8c78260, (CMBitMap*) 0x000001e8e8c78298
 Prev Bits: [0x000001e8e0cd0000, 0x000001e8e4c58000)
 Next Bits: [0x000001e8e4c60000, 0x000001e8e8be8000)

Polling page: 0x000001e8c6640000

CodeHeap 'non-profiled nmethods': size=120000Kb used=837Kb max_used=837Kb free=119162Kb
 bounds [0x000001e8d7300000, 0x000001e8d7570000, 0x000001e8de830000]
CodeHeap 'profiled nmethods': size=120000Kb used=4125Kb max_used=4125Kb free=115874Kb
 bounds [0x000001e8cfdd0000, 0x000001e8d01e0000, 0x000001e8d7300000]
CodeHeap 'non-nmethods': size=5760Kb used=1222Kb max_used=1264Kb free=4537Kb
 bounds [0x000001e8cf830000, 0x000001e8cfaa0000, 0x000001e8cfdd0000]
 total_blobs=2946 nmethods=2007 adapters=508
 compilation: enabled

Compilation events (10 events):
Event: 27.119 Thread 0x000001e8ec2a3000 2004       3       java.awt.Event::<init> (197 bytes)
Event: 27.120 Thread 0x000001e8ec2a3000 nmethod 2004 0x000001e8d01d4c90 code [0x000001e8d01d4e60, 0x000001e8d01d5198]
Event: 27.172 Thread 0x000001e8ec2a3000 2005       3       java.awt.Window::postEvent (16 bytes)
Event: 27.173 Thread 0x000001e8ec2a3000 nmethod 2005 0x000001e8d01d5290 code [0x000001e8d01d5460, 0x000001e8d01d5720]
Event: 27.422 Thread 0x000001e8ec2a3000 2006       3       java.awt.Font::getFontPeer (44 bytes)
Event: 27.423 Thread 0x000001e8ec2a3000 nmethod 2006 0x000001e8d01d5810 code [0x000001e8d01d5a80, 0x000001e8d01d66e0]
Event: 29.327 Thread 0x000001e8ec2a3000 2007       1       java.nio.charset.CharsetEncoder::maxBytesPerChar (5 bytes)
Event: 29.328 Thread 0x000001e8ec2a3000 nmethod 2007 0x000001e8d73d1290 code [0x000001e8d73d1440, 0x000001e8d73d1558]
Event: 30.085 Thread 0x000001e8ec2a3000 2008       3       java.awt.MenuComponent::getFont_NoClientCode (55 bytes)
Event: 30.085 Thread 0x000001e8ec2a3000 nmethod 2008 0x000001e8d01d6a10 code [0x000001e8d01d6c40, 0x000001e8d01d7500]

GC Heap History (10 events):
Event: 25.888 GC heap before
{Heap before GC invocations=1 (full 0):
 garbage-first heap   total 262144K, used 69465K [0x00000006c1e00000, 0x00000007c0000000)
  region size 1024K, 58 young (59392K), 3 survivors (3072K)
 Metaspace       used 16528K, capacity 16939K, committed 17408K, reserved 1064960K
  class space    used 1997K, capacity 2186K, committed 2304K, reserved 1048576K
}
Event: 25.904 GC heap after
{Heap after GC invocations=2 (full 0):
 garbage-first heap   total 262144K, used 48559K [0x00000006c1e00000, 0x00000007c0000000)
  region size 1024K, 8 young (8192K), 8 survivors (8192K)
 Metaspace       used 16528K, capacity 16939K, committed 17408K, reserved 1064960K
  class space    used 1997K, capacity 2186K, committed 2304K, reserved 1048576K
}
Event: 26.000 GC heap before
{Heap before GC invocations=2 (full 0):
 garbage-first heap   total 262144K, used 78255K [0x00000006c1e00000, 0x00000007c0000000)
  region size 1024K, 37 young (37888K), 8 survivors (8192K)
 Metaspace       used 16528K, capacity 16939K, committed 17408K, reserved 1064960K
  class space    used 1997K, capacity 2186K, committed 2304K, reserved 1048576K
}
Event: 26.006 GC heap after
{Heap after GC invocations=3 (full 0):
 garbage-first heap   total 262144K, used 51598K [0x00000006c1e00000, 0x00000007c0000000)
  region size 1024K, 1 young (1024K), 1 survivors (1024K)
 Metaspace       used 16528K, capacity 16939K, committed 17408K, reserved 1064960K
  class space    used 1997K, capacity 2186K, committed 2304K, reserved 1048576K
}
Event: 26.064 GC heap before
{Heap before GC invocations=3 (full 0):
 garbage-first heap   total 262144K, used 96654K [0x00000006c1e00000, 0x00000007c0000000)
  region size 1024K, 45 young (46080K), 1 survivors (1024K)
 Metaspace       used 16528K, capacity 16939K, committed 17408K, reserved 1064960K
  class space    used 1997K, capacity 2186K, committed 2304K, reserved 1048576K
}
Event: 26.065 GC heap after
{Heap after GC invocations=4 (full 0):
 garbage-first heap   total 262144K, used 51266K [0x00000006c1e00000, 0x00000007c0000000)
  region size 1024K, 1 young (1024K), 1 survivors (1024K)
 Metaspace       used 16528K, capacity 16939K, committed 17408K, reserved 1064960K
  class space    used 1997K, capacity 2186K, committed 2304K, reserved 1048576K
}
Event: 26.185 GC heap before
{Heap before GC invocations=4 (full 0):
 garbage-first heap   total 262144K, used 112706K [0x00000006c1e00000, 0x00000007c0000000)
  region size 1024K, 61 young (62464K), 1 survivors (1024K)
 Metaspace       used 16528K, capacity 16939K, committed 17408K, reserved 1064960K
  class space    used 1997K, capacity 2186K, committed 2304K, reserved 1048576K
}
Event: 26.186 GC heap after
{Heap after GC invocations=5 (full 0):
 garbage-first heap   total 262144K, used 51224K [0x00000006c1e00000, 0x00000007c0000000)
  region size 1024K, 1 young (1024K), 1 survivors (1024K)
 Metaspace       used 16528K, capacity 16939K, committed 17408K, reserved 1064960K
  class space    used 1997K, capacity 2186K, committed 2304K, reserved 1048576K
}
Event: 26.385 GC heap before
{Heap before GC invocations=5 (full 0):
 garbage-first heap   total 262144K, used 177176K [0x00000006c1e00000, 0x00000007c0000000)
  region size 1024K, 124 young (126976K), 1 survivors (1024K)
 Metaspace       used 16528K, capacity 16939K, committed 17408K, reserved 1064960K
  class space    used 1997K, capacity 2186K, committed 2304K, reserved 1048576K
}
Event: 26.386 GC heap after
{Heap after GC invocations=6 (full 0):
 garbage-first heap   total 262144K, used 51218K [0x00000006c1e00000, 0x00000007c0000000)
  region size 1024K, 1 young (1024K), 1 survivors (1024K)
 Metaspace       used 16528K, capacity 16939K, committed 17408K, reserved 1064960K
  class space    used 1997K, capacity 2186K, committed 2304K, reserved 1048576K
}

Deoptimization events (10 events):
Event: 2.696 Thread 0x000001e8ec972000 Uncommon trap: reason=class_check action=maybe_recompile pc=0x000001e8d7317a70 method=java.lang.String.equals(Ljava/lang/Object;)Z @ 8 c2
Event: 2.696 Thread 0x000001e8ec972000 Uncommon trap: reason=class_check action=maybe_recompile pc=0x000001e8d7317a70 method=java.lang.String.equals(Ljava/lang/Object;)Z @ 8 c2
Event: 25.648 Thread 0x000001e8ec972000 Uncommon trap: reason=class_check action=maybe_recompile pc=0x000001e8d73b1904 method=java.awt.EventQueue.cacheEQItem(Lsun/awt/EventQueueItem;)V @ 20 c2
Event: 25.742 Thread 0x000001e8ec972000 Uncommon trap: reason=unstable_if action=reinterpret pc=0x000001e8d7393158 method=java.lang.StringLatin1.toLowerCase(Ljava/lang/String;[BLjava/util/Locale;)Ljava/lang/String; @ 21 c2
Event: 25.782 Thread 0x000001e8ec972000 Uncommon trap: reason=unstable_if action=reinterpret pc=0x000001e8d73b7dac method=poop.ImageCanvas.drawImageFromPath(Ljava/lang/String;)V @ 317 c2
Event: 25.782 Thread 0x000001e8ec972000 Uncommon trap: reason=class_check action=maybe_recompile pc=0x000001e8d73b19c0 method=java.awt.EventQueue.coalesceEvent(Ljava/awt/AWTEvent;I)Z @ 61 c2
Event: 25.782 Thread 0x000001e8ec972000 Uncommon trap: reason=unstable_if action=reinterpret pc=0x000001e8d73a3104 method=java.awt.Component.getInputContext()Ljava/awt/im/InputContext; @ 6 c2
Event: 26.230 Thread 0x000001e8ec972000 Uncommon trap: reason=class_check action=maybe_recompile pc=0x000001e8d73b19c0 method=java.awt.EventQueue.coalesceEvent(Ljava/awt/AWTEvent;I)Z @ 61 c2
Event: 26.433 Thread 0x000001e8ec974800 Uncommon trap: reason=unstable_if action=reinterpret pc=0x000001e8d7376f28 method=java.util.concurrent.locks.ReentrantLock$Sync.nonfairTryAcquire(I)Z @ 19 c2
Event: 26.489 Thread 0x000001e8ec972000 Uncommon trap: reason=unstable_if action=reinterpret pc=0x000001e8d73affc4 method=java.awt.EventQueue.noEvents()Z @ 16 c2

Classes redefined (0 events):
No events

Internal exceptions (10 events):
Event: 0.342 Thread 0x000001e8ec975800 Exception <a 'java/lang/NoSuchMethodError'{0x00000006d19563e0}: java.lang.invoke.DirectMethodHandle$Holder.invokeStatic(Ljava/lang/Object;Ljava/lang/Object;Ljava/lang/Object;Ljava/lang/Object;Ljava/lang/Object;Ljava/lang/Object;Ljava/lang/Object;Ljava/lan
Event: 2.307 Thread 0x000001e8ec972000 Exception <a 'java/lang/NoSuchMethodError'{0x00000006d142c648}: method resolution failed> (0x00000006d142c648) thrown at [t:/workspace/open/src/hotspot/share/prims/methodHandles.cpp, line 1226]
Event: 2.307 Thread 0x000001e8ec972000 Exception <a 'java/lang/NoSuchMethodError'{0x00000006d1433a38}: java.lang.invoke.DirectMethodHandle$Holder.invokeStatic(Ljava/lang/Object;ILjava/lang/Object;Ljava/lang/Object;Ljava/lang/Object;)Ljava/lang/Object;> (0x00000006d1433a38) thrown at [t:/worksp
Event: 2.307 Thread 0x000001e8ec972000 Exception <a 'java/lang/NoSuchMethodError'{0x00000006d1437628}: method resolution failed> (0x00000006d1437628) thrown at [t:/workspace/open/src/hotspot/share/prims/methodHandles.cpp, line 1226]
Event: 2.323 Thread 0x000001e8ec972000 Exception <a 'java/lang/ClassNotFoundException'{0x00000006d14f8490}: com/sun/swing/internal/plaf/metal/resources/spi/metalProvider> (0x00000006d14f8490) thrown at [t:/workspace/open/src/hotspot/share/classfile/systemDictionary.cpp, line 233]
Event: 2.324 Thread 0x000001e8ec972000 Exception <a 'java/lang/ClassNotFoundException'{0x00000006d14fc728}: com/sun/swing/internal/plaf/basic/resources/spi/basicProvider> (0x00000006d14fc728) thrown at [t:/workspace/open/src/hotspot/share/classfile/systemDictionary.cpp, line 233]
Event: 2.325 Thread 0x000001e8ec972000 Exception <a 'java/lang/NoSuchMethodError'{0x00000006d1305e28}: java.lang.invoke.DirectMethodHandle$Holder.invokeStatic(Ljava/lang/Object;Ljava/lang/Object;Ljava/lang/Object;)V> (0x00000006d1305e28) thrown at [t:/workspace/open/src/hotspot/share/interpret
Event: 2.340 Thread 0x000001e8ec973000 Exception <a 'java/lang/NoSuchMethodError'{0x00000006d1382f30}: method resolution failed> (0x00000006d1382f30) thrown at [t:/workspace/open/src/hotspot/share/prims/methodHandles.cpp, line 1226]
Event: 2.341 Thread 0x000001e8ec973000 Exception <a 'java/lang/NoSuchMethodError'{0x00000006d138ac20}: method resolution failed> (0x00000006d138ac20) thrown at [t:/workspace/open/src/hotspot/share/prims/methodHandles.cpp, line 1226]
Event: 9.436 Thread 0x000001e8ec972000 Exception <a 'java/lang/NoSuchMethodError'{0x00000006d0e53238}: method resolution failed> (0x00000006d0e53238) thrown at [t:/workspace/open/src/hotspot/share/prims/methodHandles.cpp, line 1226]

Events (10 events):
Event: 26.433 Thread 0x000001e8ec974800 Uncommon trap: trap_request=0xffffff55 fr.pc=0x000001e8d7376f28 relative=0x0000000000000188
Event: 26.433 Thread 0x000001e8ec974800 DEOPT PACKING pc=0x000001e8d7376f28 sp=0x000000c3755ff0b0
Event: 26.433 Thread 0x000001e8ec974800 DEOPT UNPACKING pc=0x000001e8cf858aaf sp=0x000000c3755fefe0 mode 2
Event: 26.489 Thread 0x000001e8ec972000 Uncommon trap: trap_request=0xffffff55 fr.pc=0x000001e8d73affc4 relative=0x0000000000004024
Event: 26.489 Thread 0x000001e8ec972000 DEOPT PACKING pc=0x000001e8d73affc4 sp=0x000000c3754ff1c0
Event: 26.489 Thread 0x000001e8ec972000 DEOPT UNPACKING pc=0x000001e8cf858aaf sp=0x000000c3754ff020 mode 2
Event: 30.593 loading class poop/BasicOperation
Event: 30.593 loading class poop/BasicOperation done
Event: 30.597 loading class poop/Operation
Event: 30.597 loading class poop/Operation done


Dynamic libraries:
0x00007ff767310000 - 0x00007ff76734e000 	C:\Program Files\Java\jre-10\bin\javaw.exe
0x00007fffe2b30000 - 0x00007fffe2d11000 	C:\Windows\SYSTEM32\ntdll.dll
0x00007fffaee80000 - 0x00007fffaee93000 	C:\Program Files\AVAST Software\Avast\aswhook.dll
0x00007fffe27b0000 - 0x00007fffe2861000 	C:\Windows\System32\KERNEL32.DLL
0x00007fffdeef0000 - 0x00007fffdf163000 	C:\Windows\System32\KERNELBASE.dll
0x00007fffe2980000 - 0x00007fffe2a21000 	C:\Windows\System32\ADVAPI32.dll
0x00007fffe2130000 - 0x00007fffe21ce000 	C:\Windows\System32\msvcrt.dll
0x00007fffe2910000 - 0x00007fffe296b000 	C:\Windows\System32\sechost.dll
0x00007fffe2360000 - 0x00007fffe2484000 	C:\Windows\System32\RPCRT4.dll
0x00007fffe21d0000 - 0x00007fffe2360000 	C:\Windows\System32\USER32.dll
0x00007fffdf170000 - 0x00007fffdf190000 	C:\Windows\System32\win32u.dll
0x00007fffe2780000 - 0x00007fffe27a8000 	C:\Windows\System32\GDI32.dll
0x00007fffdf650000 - 0x00007fffdf7e3000 	C:\Windows\System32\gdi32full.dll
0x00007fffdf480000 - 0x00007fffdf51f000 	C:\Windows\System32\msvcp_win.dll
0x00007fffdf380000 - 0x00007fffdf478000 	C:\Windows\System32\ucrtbase.dll
0x00007fffbede0000 - 0x00007fffbf049000 	C:\Windows\WinSxS\amd64_microsoft.windows.common-controls_6595b64144ccf1df_6.0.17134.1610_none_d3fd41197c928db6\COMCTL32.dll
0x00007fffe1820000 - 0x00007fffe1b40000 	C:\Windows\System32\combase.dll
0x00007fffdf520000 - 0x00007fffdf599000 	C:\Windows\System32\bcryptPrimitives.dll
0x00007fffd50c0000 - 0x00007fffd50ca000 	C:\Windows\SYSTEM32\VERSION.dll
0x00007fffe03a0000 - 0x00007fffe03cd000 	C:\Windows\System32\IMM32.DLL
0x00007fffa1910000 - 0x00007fffa19ff000 	C:\Program Files\Java\jre-10\bin\msvcr120.dll
0x00007fffa7f20000 - 0x00007fffa7fc6000 	C:\Program Files\Java\jre-10\bin\msvcp120.dll
0x0000000071cf0000 - 0x000000007275f000 	C:\Program Files\Java\jre-10\bin\server\jvm.dll
0x00007fffe1cd0000 - 0x00007fffe1cd8000 	C:\Windows\System32\PSAPI.DLL
0x00007fffc5860000 - 0x00007fffc5869000 	C:\Windows\SYSTEM32\WSOCK32.dll
0x00007fffe2a30000 - 0x00007fffe2a9c000 	C:\Windows\System32\WS2_32.dll
0x00007fffd7900000 - 0x00007fffd7923000 	C:\Windows\SYSTEM32\WINMM.dll
0x00007fffd78c0000 - 0x00007fffd78ea000 	C:\Windows\SYSTEM32\WINMMBASE.dll
0x00007fffdff70000 - 0x00007fffdffb9000 	C:\Windows\System32\cfgmgr32.dll
0x00007fffcc770000 - 0x00007fffcc77f000 	C:\Program Files\Java\jre-10\bin\verify.dll
0x00007fffdd6c0000 - 0x00007fffdd889000 	C:\Windows\SYSTEM32\DBGHELP.DLL
0x00007fffcb050000 - 0x00007fffcb079000 	C:\Windows\SYSTEM32\dbgcore.DLL
0x00007fffbd3b0000 - 0x00007fffbd3d7000 	C:\Program Files\Java\jre-10\bin\java.dll
0x00007fffb6530000 - 0x00007fffb6546000 	C:\Program Files\Java\jre-10\bin\zip.dll
0x00007fffc9c90000 - 0x00007fffc9c9a000 	C:\Program Files\Java\jre-10\bin\jimage.dll
0x00007fffe03d0000 - 0x00007fffe1815000 	C:\Windows\System32\SHELL32.dll
0x00007fffe0270000 - 0x00007fffe0319000 	C:\Windows\System32\shcore.dll
0x00007fffdf850000 - 0x00007fffdff65000 	C:\Windows\System32\windows.storage.dll
0x00007fffe2aa0000 - 0x00007fffe2af1000 	C:\Windows\System32\shlwapi.dll
0x00007fffdeeb0000 - 0x00007fffdeec1000 	C:\Windows\System32\kernel.appcore.dll
0x00007fffdeed0000 - 0x00007fffdeeef000 	C:\Windows\System32\profapi.dll
0x00007fffdee60000 - 0x00007fffdeeac000 	C:\Windows\System32\powrprof.dll
0x00007fffdee30000 - 0x00007fffdee3a000 	C:\Windows\System32\FLTLIB.DLL
0x00007fffd5f50000 - 0x00007fffd60eb000 	C:\Program Files\Java\jre-10\bin\awt.dll
0x00007fffe1c00000 - 0x00007fffe1cc2000 	C:\Windows\System32\OLEAUT32.dll
0x00007fffd8e90000 - 0x00007fffd9457000 	C:\Windows\SYSTEM32\d2d1.dll
0x00007fffd9b40000 - 0x00007fffd9bcb000 	C:\Windows\SYSTEM32\apphelp.dll
0x00007fffdd090000 - 0x00007fffdd0b9000 	C:\Windows\system32\DWMAPI.DLL
0x00007fffd9c70000 - 0x00007fffd9d08000 	C:\Windows\system32\uxtheme.dll
0x00007fff9cc50000 - 0x00007fff9cd70000 	C:\Windows\system32\opengl32.dll
0x00007fffc9560000 - 0x00007fffc958c000 	C:\Windows\SYSTEM32\GLU32.dll
0x00007fffe2490000 - 0x00007fffe2604000 	C:\Windows\System32\MSCTF.dll
0x00007fffe2610000 - 0x00007fffe2761000 	C:\Windows\System32\ole32.dll
0x00007fffcb1a0000 - 0x00007fffcb337000 	C:\Windows\system32\d3d9.dll
0x00007fffd3a80000 - 0x00007fffd3b6f000 	C:\Windows\System32\DriverStore\FileRepository\nvhm.inf_amd64_c8662223f1381aa4\nvldumdx.dll
0x00007fffdf190000 - 0x00007fffdf372000 	C:\Windows\System32\crypt32.dll
0x00007fffdee40000 - 0x00007fffdee52000 	C:\Windows\System32\MSASN1.dll
0x00007fffd31f0000 - 0x00007fffd321e000 	C:\Windows\SYSTEM32\cryptnet.dll
0x00007fffde880000 - 0x00007fffde88b000 	C:\Windows\SYSTEM32\cryptbase.dll
0x00007fffdf7f0000 - 0x00007fffdf847000 	C:\Windows\System32\WINTRUST.DLL
0x00007fffe00b0000 - 0x00007fffe00cd000 	C:\Windows\System32\imagehlp.dll
0x00007fffde860000 - 0x00007fffde877000 	C:\Windows\SYSTEM32\CRYPTSP.dll
0x00007fffde030000 - 0x00007fffde063000 	C:\Windows\system32\rsaenh.dll
0x00007fffde990000 - 0x00007fffde9b5000 	C:\Windows\SYSTEM32\bcrypt.dll
0x00007fff91b00000 - 0x00007fff93007000 	C:\Windows\System32\DriverStore\FileRepository\nvhm.inf_amd64_c8662223f1381aa4\nvd3dumx.dll
0x00007fffdd8f0000 - 0x00007fffdd912000 	C:\Windows\SYSTEM32\gpapi.dll
0x00007fffd5ee0000 - 0x00007fffd5f45000 	C:\Program Files\Java\jre-10\bin\fontmanager.dll
0x00007fffb53f0000 - 0x00007fffb540a000 	C:\Program Files\Java\jre-10\bin\net.dll
0x00007fffd6cc0000 - 0x00007fffd6d9d000 	C:\Windows\SYSTEM32\WINHTTP.dll
0x00007fffde6b0000 - 0x00007fffde716000 	C:\Windows\system32\mswsock.dll
0x00007fffb45f0000 - 0x00007fffb4601000 	C:\Program Files\Java\jre-10\bin\nio.dll
0x00007fffb41f0000 - 0x00007fffb4232000 	C:\Program Files\Java\jre-10\bin\t2k.dll
0x00007fffcae90000 - 0x00007fffcaf26000 	C:\Windows\System32\TextInputFramework.dll
0x00007fffd52e0000 - 0x00007fffd55fe000 	C:\Windows\System32\CoreUIComponents.dll
0x00007fffd9600000 - 0x00007fffd96da000 	C:\Windows\System32\CoreMessaging.dll
0x00007fffddcc0000 - 0x00007fffddcf1000 	C:\Windows\SYSTEM32\ntmarta.dll
0x00007fffd7bb0000 - 0x00007fffd7cfd000 	C:\Windows\SYSTEM32\wintypes.dll
0x00007fffb7340000 - 0x00007fffb73e7000 	C:\Windows\WinSxS\amd64_microsoft.windows.common-controls_6595b64144ccf1df_5.82.17134.1610_none_55795367265c850f\comctl32.dll
0x00007fffe2870000 - 0x00007fffe2910000 	C:\Windows\System32\clbcatq.dll
0x00007fffd8360000 - 0x00007fffd8515000 	C:\Windows\SYSTEM32\PROPSYS.dll
0x00007fffd3350000 - 0x00007fffd39eb000 	C:\Windows\System32\OneCoreUAPCommonProxyStub.dll
0x00007fff9ec30000 - 0x00007fff9ed57000 	C:\Windows\system32\NetworkExplorer.dll
0x00007fffb45c0000 - 0x00007fffb45da000 	C:\Windows\SYSTEM32\MPR.dll
0x00007fffcbdb0000 - 0x00007fffcbdbb000 	C:\Windows\System32\drprov.dll
0x00007fffddd30000 - 0x00007fffddd86000 	C:\Windows\System32\WINSTA.dll
0x00007fffc9ca0000 - 0x00007fffc9cb6000 	C:\Windows\System32\ntlanman.dll
0x00007fffc4700000 - 0x00007fffc471d000 	C:\Windows\System32\davclnt.dll
0x00007fffcb6b0000 - 0x00007fffcb6bc000 	C:\Windows\System32\DAVHLPR.dll
0x00007fffd7600000 - 0x00007fffd7617000 	C:\Windows\System32\wkscli.dll
0x00007fffb8420000 - 0x00007fffb8432000 	C:\Windows\SYSTEM32\cscapi.dll
0x00007fffde500000 - 0x00007fffde50e000 	C:\Windows\System32\netutils.dll
0x00007fffb7b30000 - 0x00007fffb7b7a000 	C:\Windows\System32\dlnashext.dll
0x00007fffa84a0000 - 0x00007fffa8503000 	C:\Windows\System32\PlayToDevice.dll
0x00007fffb7ab0000 - 0x00007fffb7ace000 	C:\Windows\System32\DevDispItemProvider.dll
0x00007fffc9470000 - 0x00007fffc94e6000 	C:\Windows\System32\MMDevApi.dll
0x00007fffdec40000 - 0x00007fffdec67000 	C:\Windows\System32\DEVOBJ.dll
0x00007fff9d770000 - 0x00007fff9d951000 	C:\Windows\system32\wpdshext.dll
0x00007fffb8a00000 - 0x00007fffb8b9b000 	C:\Windows\WinSxS\amd64_microsoft.windows.gdiplus_6595b64144ccf1df_1.1.17134.1610_none_04e833fed7250784\gdiplus.dll
0x00007fffd7490000 - 0x00007fffd752c000 	C:\Windows\System32\PortableDeviceApi.dll
0x00007fffe1ce0000 - 0x00007fffe212b000 	C:\Windows\System32\SETUPAPI.dll
0x00007fffa16e0000 - 0x00007fffa1710000 	C:\Windows\System32\PortableDeviceTypes.dll
0x00007fffb4960000 - 0x00007fffb4997000 	C:\Windows\System32\EhStorShell.dll
0x00007fffc3f20000 - 0x00007fffc3f45000 	C:\Windows\System32\EhStorAPI.dll
0x00007fffd7070000 - 0x00007fffd7083000 	C:\Windows\System32\WTSAPI32.dll
0x00007fffcb8d0000 - 0x00007fffcb8dd000 	C:\Windows\SYSTEM32\LINKINFO.dll
0x00007fffca950000 - 0x00007fffcab1c000 	C:\Windows\SYSTEM32\urlmon.dll
0x00007fffc9050000 - 0x00007fffc92f7000 	C:\Windows\SYSTEM32\iertutil.dll
0x00007fffd60f0000 - 0x00007fffd629e000 	C:\Windows\SYSTEM32\WindowsCodecs.dll
0x00007fffb8450000 - 0x00007fffb84a8000 	C:\Windows\system32\dataexchange.dll
0x00007fffd8b80000 - 0x00007fffd8e8b000 	C:\Windows\system32\d3d11.dll
0x00007fffd9460000 - 0x00007fffd95fc000 	C:\Windows\system32\dcomp.dll
0x00007fffdd990000 - 0x00007fffdda4b000 	C:\Windows\system32\dxgi.dll
0x00007fffdd1a0000 - 0x00007fffdd35f000 	C:\Windows\system32\twinapi.appcore.dll
0x00007fffdd0c0000 - 0x00007fffdd0e1000 	C:\Windows\system32\RMCLIENT.dll
0x00007fffa4710000 - 0x00007fffa478e000 	C:\Users\ji180550d\Desktop\POOP\DRUGI_sve\ji180550_poop_dz2\src\dz1.dll
0x00007fff9ca30000 - 0x00007fff9cb21000 	C:\Windows\SYSTEM32\MSVCP140D.dll
0x00007fffbd6e0000 - 0x00007fffbd702000 	C:\Windows\SYSTEM32\VCRUNTIME140D.dll
0x00007fff9c3f0000 - 0x00007fff9c5b2000 	C:\Windows\SYSTEM32\ucrtbased.dll

dbghelp: loaded successfully - version: 4.0.5 - missing functions: none
symbol engine: initialized successfully - sym options: 0x614 - pdb path: .;C:\Program Files\Java\jre-10\bin;C:\Windows\SYSTEM32;C:\Program Files\AVAST Software\Avast;C:\Windows\WinSxS\amd64_microsoft.windows.common-controls_6595b64144ccf1df_6.0.17134.1610_none_d3fd41197c928db6;C:\Program Files\Java\jre-10\bin\server;C:\Windows\System32\DriverStore\FileRepository\nvhm.inf_amd64_c8662223f1381aa4;C:\Windows\WinSxS\amd64_microsoft.windows.common-controls_6595b64144ccf1df_5.82.17134.1610_none_55795367265c850f;C:\Windows\WinSxS\amd64_microsoft.windows.gdiplus_6595b64144ccf1df_1.1.17134.1610_none_04e833fed7250784;C:\Users\ji180550d\Desktop\POOP\DRUGI_sve\ji180550_poop_dz2\src

VM Arguments:
jvm_args: -Djava.library.path=C:\Users\ji180550d\Desktop\POOP\DRUGI_sve\ji180550_poop_dz2\src -Dfile.encoding=Cp1252 
java_command: poop.Main
java_class_path (initial): C:\Users\ji180550d\Desktop\POOP\DRUGI_sve\ji180550_poop_dz2\bin
Launcher Type: SUN_STANDARD

Logging:
Log output configuration:
#0: stdout all=warning uptime,level,tags
#1: stderr all=off uptime,level,tags

Environment Variables:
PATH=C:\ProgramData\Oracle\Java\javapath;C:\Windows\system32;C:\Windows;C:\Windows\System32\Wbem;C:\Windows\System32\WindowsPowerShell\v1.0\;C:\Windows\System32\OpenSSH\;C:\Program Files\Microsoft SQL Server\130\Tools\Binn\;C:\Program Files\Java\jdk-10\bin;C:\Users\ji180550d\AppData\Local\Microsoft\WindowsApps;
USERNAME=ji180550d
OS=Windows_NT
PROCESSOR_IDENTIFIER=Intel64 Family 6 Model 158 Stepping 10, GenuineIntel



---------------  S Y S T E M  ---------------

OS: Windows 10 , 64 bit Build 17134 (10.0.17134.1425)

CPU:total 12 (initial active 12) (6 cores per cpu, 2 threads per core) family 6 model 158 stepping 10, cmov, cx8, fxsr, mmx, sse, sse2, sse3, ssse3, sse4.1, sse4.2, popcnt, avx, avx2, aes, clmul, erms, 3dnowpref, lzcnt, ht, tsc, tscinvbit, bmi1, bmi2, adx, fma

Memory: 4k page, physical 16651508k(11671120k free), swap 19141876k(12620232k free)

vm_info: Java HotSpot(TM) 64-Bit Server VM (10+46) for windows-amd64 JRE (10+46), built on Mar  8 2018 02:11:18 by "mach5one" with MS VC++ 12.0 (VS2013)

END.
