#
# A fatal error has been detected by the Java Runtime Environment:
#
#  EXCEPTION_ACCESS_VIOLATION (0xc0000005) at pc=0x0000023e55fe25cb, pid=15740, tid=11492
#
# JRE version: Java(TM) SE Runtime Environment (10.0+46) (build 10+46)
# Java VM: Java HotSpot(TM) 64-Bit Server VM (10+46, mixed mode, tiered, compressed oops, g1 gc, windows-amd64)
# Problematic frame:
# j  poop.BasicOperation.execution(Lpoop/Pixel;)V+51
#
# No core dump will be written. Minidumps are not enabled by default on client versions of Windows
#
# If you would like to submit a bug report, please visit:
#   http://bugreport.java.com/bugreport/crash.jsp
#

---------------  S U M M A R Y ------------

Command Line: -Djava.library.path=C:\Users\ji180550d\Desktop\POOP\DRUGI_sve\ji180550_poop_dz2\src -Dfile.encoding=Cp1252 poop.Main

Host: Intel(R) Core(TM) i7-9750H CPU @ 2.60GHz, 12 cores, 15G,  Windows 10 , 64 bit Build 17134 (10.0.17134.1425)
Time: Tue Jul 28 14:50:51 2020 Central Europe Daylight Time elapsed time: 24 seconds (0d 0h 0m 24s)

---------------  T H R E A D  ---------------

Current thread (0x0000023e72bf4800):  JavaThread "AWT-EventQueue-0" [_thread_in_Java, id=11492, stack(0x000000494f300000,0x000000494f400000)]

Stack: [0x000000494f300000,0x000000494f400000],  sp=0x000000494f3fbae8,  free space=1006k
Native frames: (J=compiled Java code, j=interpreted, Vv=VM code, C=native code)
C  0x0000023e55fe25cb


siginfo: EXCEPTION_ACCESS_VIOLATION (0xc0000005), reading address 0x000000ff0000010b


Register to memory mapping:

RIP=0x0000023e55fe25cb is at code_begin+11 in an Interpreter codelet
iaload  46 iaload  [0x0000023e55fe25c0, 0x0000023e55fe2600]  64 bytes
RAX=0x0000000000000000 is an unknown value
RBX=0x000000000000002e is an unknown value
RCX=0x0000000000000070 is an unknown value
RDX=0x000000ff000000ff is an unknown value
RSP=0x000000494f3fbae8 is pointing into the stack for thread: 0x0000023e72bf4800
RBP=0x000000494f3fbb38 is pointing into the stack for thread: 0x0000023e72bf4800
RSI=0x000000005ad1f46f is an unknown value
RDI=0x0000023e55fd9e80 is at code_begin+1664 in an Interpreter codelet
invoke return entry points  [0x0000023e55fd9800, 0x0000023e55fda1e0]  2528 bytes
R8 =0x0000000000000000 is an unknown value
R9 =0x0000000000000000 is an unknown value
R10=0x00000000726ad2e0 jvm.dll
R11=0x000000494f3fba98 is pointing into the stack for thread: 0x0000023e72bf4800
R12=0x0000000000000000 is an unknown value
R13=0x0000023e7280899a is pointing into metadata
R14=0x000000494f3fbb60 is pointing into the stack for thread: 0x0000023e72bf4800
R15=0x0000023e72bf4800 is a thread


Registers:
RAX=0x0000000000000000, RBX=0x000000000000002e, RCX=0x0000000000000070, RDX=0x000000ff000000ff
RSP=0x000000494f3fbae8, RBP=0x000000494f3fbb38, RSI=0x000000005ad1f46f, RDI=0x0000023e55fd9e80
R8 =0x0000000000000000, R9 =0x0000000000000000, R10=0x00000000726ad2e0, R11=0x000000494f3fba98
R12=0x0000000000000000, R13=0x0000023e7280899a, R14=0x000000494f3fbb60, R15=0x0000023e72bf4800
RIP=0x0000023e55fe25cb, EFLAGS=0x0000000000010206

Top of Stack: (sp=0x000000494f3fbae8)
0x000000494f3fbae8:   00000006c2e602b0 000000494f3fbaf0
0x000000494f3fbaf8:   0000023e72808993 000000494f3fbb60
0x000000494f3fbb08:   0000023e72809588 0000000000000000
0x000000494f3fbb18:   00000006cd5f1058 0000023e728089f8
0x000000494f3fbb28:   0000000000000000 000000494f3fbb58
0x000000494f3fbb38:   000000494f3fbbb0 0000023e55fda103
0x000000494f3fbb48:   000000ff000000ff 0000000000000000
0x000000494f3fbb58:   00000006c2e602b0 00000006cd5f1160
0x000000494f3fbb68:   000000494f3fbb68 0000023e72522338
0x000000494f3fbb78:   000000494f3fbbd0 0000023e72803ab0
0x000000494f3fbb88:   0000000000000000 00000006c49a2e58
0x000000494f3fbb98:   0000023e725223a0 000000494f3fbb58
0x000000494f3fbba8:   000000494f3fbbd0 000000494f3fbc20
0x000000494f3fbbb8:   0000023e55fda103 0000000000000000
0x000000494f3fbbc8:   0000000000000000 00000006c1f80ab0
0x000000494f3fbbd8:   000000494f3fbbd8 0000023e72803107 

Instructions: (pc=0x0000023e55fe25cb)
0x0000023e55fe25ab:   72 00 00 00 00 2e 00 00 00 00 00 00 00 00 00 00
0x0000023e55fe25bb:   00 00 00 00 00 8b 04 24 48 83 c4 08 5a 48 63 c0
0x0000023e55fe25cb:   3b 42 0c 8b d8 0f 83 ea b2 ff ff 8b 44 82 10 41
0x0000023e55fe25db:   0f b6 5d 01 49 ff c5 49 ba e0 d2 6a 72 00 00 00 


iaload  46 iaload  [0x0000023e55fe25c0, 0x0000023e55fe2600]  64 bytes

---------------  P R O C E S S  ---------------

Threads class SMR info:
_java_thread_list=0x0000023e79fdf7a0, length=19, elements={
0x0000023e729c9800, 0x0000023e729ff000, 0x0000023e72a0f000, 0x0000023e72a10000,
0x0000023e72a15000, 0x0000023e72a19800, 0x0000023e72a1d000, 0x0000023e72a3f800,
0x0000023e72a60800, 0x0000023e72bf6000, 0x0000023e72bf6800, 0x0000023e72bf7800,
0x0000023e72bfa800, 0x0000023e72bfb800, 0x0000023e72bf4800, 0x0000023e72bf5000,
0x0000023e72bfa000, 0x0000023e73675800, 0x0000023e7367c000
}

Java Threads: ( => current thread )
  0x0000023e729c9800 JavaThread "Reference Handler" daemon [_thread_blocked, id=14640, stack(0x000000494e200000,0x000000494e300000)]
  0x0000023e729ff000 JavaThread "Finalizer" daemon [_thread_blocked, id=5836, stack(0x000000494e300000,0x000000494e400000)]
  0x0000023e72a0f000 JavaThread "Signal Dispatcher" daemon [_thread_blocked, id=13284, stack(0x000000494e400000,0x000000494e500000)]
  0x0000023e72a10000 JavaThread "Attach Listener" daemon [_thread_blocked, id=17104, stack(0x000000494e500000,0x000000494e600000)]
  0x0000023e72a15000 JavaThread "C2 CompilerThread0" daemon [_thread_blocked, id=17304, stack(0x000000494e600000,0x000000494e700000)]
  0x0000023e72a19800 JavaThread "C2 CompilerThread1" daemon [_thread_blocked, id=12496, stack(0x000000494e700000,0x000000494e800000)]
  0x0000023e72a1d000 JavaThread "C2 CompilerThread2" daemon [_thread_blocked, id=9380, stack(0x000000494e800000,0x000000494e900000)]
  0x0000023e72a3f800 JavaThread "C1 CompilerThread3" daemon [_thread_blocked, id=13104, stack(0x000000494e900000,0x000000494ea00000)]
  0x0000023e72a60800 JavaThread "Sweeper thread" daemon [_thread_blocked, id=9872, stack(0x000000494ea00000,0x000000494eb00000)]
  0x0000023e72bf6000 JavaThread "Service Thread" daemon [_thread_blocked, id=2800, stack(0x000000494eb00000,0x000000494ec00000)]
  0x0000023e72bf6800 JavaThread "Common-Cleaner" daemon [_thread_blocked, id=16140, stack(0x000000494ec00000,0x000000494ed00000)]
  0x0000023e72bf7800 JavaThread "Java2D Disposer" daemon [_thread_blocked, id=6168, stack(0x000000494ee00000,0x000000494ef00000)]
  0x0000023e72bfa800 JavaThread "AWT-Shutdown" [_thread_blocked, id=12700, stack(0x000000494ef00000,0x000000494f000000)]
  0x0000023e72bfb800 JavaThread "AWT-Windows" daemon [_thread_in_native, id=4212, stack(0x000000494f000000,0x000000494f100000)]
=>0x0000023e72bf4800 JavaThread "AWT-EventQueue-0" [_thread_in_Java, id=11492, stack(0x000000494f300000,0x000000494f400000)]
  0x0000023e72bf5000 JavaThread "DestroyJavaVM" [_thread_blocked, id=9944, stack(0x000000494c700000,0x000000494c800000)]
  0x0000023e72bfa000 JavaThread "D3D Screen Updater" daemon [_thread_blocked, id=14148, stack(0x000000494f400000,0x000000494f500000)]
  0x0000023e73675800 JavaThread "Swing-Shell" daemon [_thread_blocked, id=13764, stack(0x000000494f700000,0x000000494f800000)]
  0x0000023e7367c000 JavaThread "TimerQueue" daemon [_thread_blocked, id=16620, stack(0x000000494fb00000,0x000000494fc00000)]

Other Threads:
  0x0000023e729c7000 VMThread "VM Thread" [stack: 0x000000494e100000,0x000000494e200000] [id=11716]
  0x0000023e72c00000 WatcherThread [stack: 0x000000494ed00000,0x000000494ee00000] [id=12424]
  0x0000023e4d02a800 GCTaskThread "GC Thread#0" [stack: 0x000000494c800000,0x000000494c900000] [id=3012]
  0x0000023e4d02e800 GCTaskThread "GC Thread#1" [stack: 0x000000494c900000,0x000000494ca00000] [id=11892]
  0x0000023e4d031800 GCTaskThread "GC Thread#2" [stack: 0x000000494ca00000,0x000000494cb00000] [id=4456]
  0x0000023e4d034000 GCTaskThread "GC Thread#3" [stack: 0x000000494cb00000,0x000000494cc00000] [id=1896]
  0x0000023e4d038000 GCTaskThread "GC Thread#4" [stack: 0x000000494cc00000,0x000000494cd00000] [id=14048]
  0x0000023e4d03e800 GCTaskThread "GC Thread#5" [stack: 0x000000494cd00000,0x000000494ce00000] [id=1388]
  0x0000023e4d03f800 GCTaskThread "GC Thread#6" [stack: 0x000000494ce00000,0x000000494cf00000] [id=18016]
  0x0000023e4d046000 GCTaskThread "GC Thread#7" [stack: 0x000000494cf00000,0x000000494d000000] [id=6196]
  0x0000023e4d04b000 GCTaskThread "GC Thread#8" [stack: 0x000000494d000000,0x000000494d100000] [id=13668]
  0x0000023e4d04c000 GCTaskThread "GC Thread#9" [stack: 0x000000494d100000,0x000000494d200000] [id=12844]
  0x0000023e4d09c000 ConcurrentGCThread "G1 Main Marker" [stack: 0x000000494d200000,0x000000494d300000] [id=1648]
  0x0000023e4d09d000 ConcurrentGCThread "G1 Conc#0" [stack: 0x000000494d300000,0x000000494d400000] [id=9120]
  0x0000023e4d09d800 ConcurrentGCThread "G1 Conc#1" [stack: 0x000000494d400000,0x000000494d500000] [id=4232]
  0x0000023e4d09e800 ConcurrentGCThread "G1 Conc#2" [stack: 0x000000494d500000,0x000000494d600000] [id=9968]
  0x0000023e6f4ba800 ConcurrentGCThread "G1 Refine#0" [stack: 0x000000494d600000,0x000000494d700000] [id=10024]
  0x0000023e6f4bb000 ConcurrentGCThread "G1 Refine#1" [stack: 0x000000494d700000,0x000000494d800000] [id=14076]
  0x0000023e6f4c4000 ConcurrentGCThread "G1 Refine#2" [stack: 0x000000494d800000,0x000000494d900000] [id=13624]
  0x0000023e6f4c6800 ConcurrentGCThread "G1 Refine#3" [stack: 0x000000494d900000,0x000000494da00000] [id=8232]
  0x0000023e6f4c7000 ConcurrentGCThread "G1 Refine#4" [stack: 0x000000494da00000,0x000000494db00000] [id=14996]
  0x0000023e6f4d4000 ConcurrentGCThread "G1 Refine#5" [stack: 0x000000494db00000,0x000000494dc00000] [id=476]
  0x0000023e6f4d4800 ConcurrentGCThread "G1 Refine#6" [stack: 0x000000494dc00000,0x000000494dd00000] [id=1212]
  0x0000023e6f4dd800 ConcurrentGCThread "G1 Refine#7" [stack: 0x000000494dd00000,0x000000494de00000] [id=11692]
  0x0000023e6f4de000 ConcurrentGCThread "G1 Refine#8" [stack: 0x000000494de00000,0x000000494df00000] [id=12176]
  0x0000023e6f4df000 ConcurrentGCThread "G1 Refine#9" [stack: 0x000000494df00000,0x000000494e000000] [id=11128]
  0x0000023e6f4e3000 ConcurrentGCThread "G1 Young RemSet Sampling" [stack: 0x000000494e000000,0x000000494e100000] [id=11668]

Threads with active compile tasks:

VM state:not at safepoint (normal execution)

VM Mutex/Monitor currently owned by a thread: None

Heap address: 0x00000006c1e00000, size: 4066 MB, Compressed Oops mode: Zero based, Oop shift amount: 3
Narrow klass base: 0x0000000000000000, Narrow klass shift: 3
Compressed class space size: 1073741824 Address: 0x00000007c0000000

Heap:
 garbage-first heap   total 262144K, used 125496K [0x00000006c1e00000, 0x00000007c0000000)
  region size 1024K, 74 young (75776K), 1 survivors (1024K)
 Metaspace       used 16965K, capacity 17354K, committed 17664K, reserved 1064960K
  class space    used 2052K, capacity 2258K, committed 2304K, reserved 1048576K
Heap Regions: E=young(eden), S=young(survivor), O=old, HS=humongous(starts), HC=humongous(continues), CS=collection set, F=free, A=archive, TS=gc time stamp, AC=allocation context, TAMS=top-at-mark-start (previous, next)
|   0|0x00000006c1e00000, 0x00000006c1f00000, 0x00000006c1f00000|100%|HS|  |TS  0|AC  0|TAMS 0x00000006c1e00000, 0x00000006c1e00000|
|   1|0x00000006c1f00000, 0x00000006c2000000, 0x00000006c2000000|100%| O|  |TS  3|AC  0|TAMS 0x00000006c1f00000, 0x00000006c1f00000|
|   2|0x00000006c2000000, 0x00000006c2100000, 0x00000006c2100000|100%| O|  |TS  3|AC  0|TAMS 0x00000006c2000000, 0x00000006c2000000|
|   3|0x00000006c2100000, 0x00000006c2200000, 0x00000006c2200000|100%| O|  |TS  3|AC  0|TAMS 0x00000006c2100000, 0x00000006c2100000|
|   4|0x00000006c2200000, 0x00000006c2300000, 0x00000006c2300000|100%| O|  |TS  3|AC  0|TAMS 0x00000006c2200000, 0x00000006c2200000|
|   5|0x00000006c2300000, 0x00000006c2400000, 0x00000006c2400000|100%| O|  |TS  3|AC  0|TAMS 0x00000006c2300000, 0x00000006c2300000|
|   6|0x00000006c2400000, 0x00000006c2500000, 0x00000006c2500000|100%| O|  |TS  1|AC  0|TAMS 0x00000006c2400000, 0x00000006c2400000|
|   7|0x00000006c2500000, 0x00000006c2600000, 0x00000006c2600000|100%| O|  |TS  1|AC  0|TAMS 0x00000006c2500000, 0x00000006c2500000|
|   8|0x00000006c2600000, 0x00000006c2700000, 0x00000006c2700000|100%| O|  |TS  1|AC  0|TAMS 0x00000006c2600000, 0x00000006c2600000|
|   9|0x00000006c2700000, 0x00000006c2800000, 0x00000006c2800000|100%| O|  |TS  2|AC  0|TAMS 0x00000006c2700000, 0x00000006c2700000|
|  10|0x00000006c2800000, 0x00000006c2900000, 0x00000006c2900000|100%| O|  |TS  2|AC  0|TAMS 0x00000006c2800000, 0x00000006c2800000|
|  11|0x00000006c2900000, 0x00000006c2a00000, 0x00000006c2a00000|100%| O|  |TS  2|AC  0|TAMS 0x00000006c2900000, 0x00000006c2900000|
|  12|0x00000006c2a00000, 0x00000006c2b00000, 0x00000006c2b00000|100%| O|  |TS  2|AC  0|TAMS 0x00000006c2a00000, 0x00000006c2a00000|
|  13|0x00000006c2b00000, 0x00000006c2c00000, 0x00000006c2c00000|100%| O|  |TS  2|AC  0|TAMS 0x00000006c2b00000, 0x00000006c2b00000|
|  14|0x00000006c2c00000, 0x00000006c2d00000, 0x00000006c2d00000|100%| O|  |TS  2|AC  0|TAMS 0x00000006c2c00000, 0x00000006c2c00000|
|  15|0x00000006c2d00000, 0x00000006c2e00000, 0x00000006c2e00000|100%| O|  |TS  2|AC  0|TAMS 0x00000006c2d00000, 0x00000006c2d00000|
|  16|0x00000006c2e00000, 0x00000006c2f00000, 0x00000006c2f00000|100%| O|  |TS  2|AC  0|TAMS 0x00000006c2e00000, 0x00000006c2e00000|
|  17|0x00000006c2f00000, 0x00000006c3000000, 0x00000006c3000000|100%| O|  |TS  2|AC  0|TAMS 0x00000006c2f00000, 0x00000006c2f00000|
|  18|0x00000006c3000000, 0x00000006c3100000, 0x00000006c3100000|100%| O|  |TS  2|AC  0|TAMS 0x00000006c3000000, 0x00000006c3000000|
|  19|0x00000006c3100000, 0x00000006c3200000, 0x00000006c3200000|100%| O|  |TS  2|AC  0|TAMS 0x00000006c3100000, 0x00000006c3100000|
|  20|0x00000006c3200000, 0x00000006c3300000, 0x00000006c3300000|100%| O|  |TS  2|AC  0|TAMS 0x00000006c3200000, 0x00000006c3200000|
|  21|0x00000006c3300000, 0x00000006c3400000, 0x00000006c3400000|100%| O|  |TS  2|AC  0|TAMS 0x00000006c3300000, 0x00000006c3300000|
|  22|0x00000006c3400000, 0x00000006c3500000, 0x00000006c3500000|100%| O|  |TS  2|AC  0|TAMS 0x00000006c3400000, 0x00000006c3400000|
|  23|0x00000006c3500000, 0x00000006c3600000, 0x00000006c3600000|100%| O|  |TS  2|AC  0|TAMS 0x00000006c3500000, 0x00000006c3500000|
|  24|0x00000006c3600000, 0x00000006c3700000, 0x00000006c3700000|100%| O|  |TS  2|AC  0|TAMS 0x00000006c3600000, 0x00000006c3600000|
|  25|0x00000006c3700000, 0x00000006c3800000, 0x00000006c3800000|100%| O|  |TS  2|AC  0|TAMS 0x00000006c3700000, 0x00000006c3700000|
|  26|0x00000006c3800000, 0x00000006c3900000, 0x00000006c3900000|100%| O|  |TS  2|AC  0|TAMS 0x00000006c3800000, 0x00000006c3800000|
|  27|0x00000006c3900000, 0x00000006c3a00000, 0x00000006c3a00000|100%| O|  |TS  2|AC  0|TAMS 0x00000006c3900000, 0x00000006c3900000|
|  28|0x00000006c3a00000, 0x00000006c3b00000, 0x00000006c3b00000|100%| O|  |TS  2|AC  0|TAMS 0x00000006c3a00000, 0x00000006c3a00000|
|  29|0x00000006c3b00000, 0x00000006c3c00000, 0x00000006c3c00000|100%| O|  |TS  2|AC  0|TAMS 0x00000006c3b00000, 0x00000006c3b00000|
|  30|0x00000006c3c00000, 0x00000006c3d00000, 0x00000006c3d00000|100%| O|  |TS  2|AC  0|TAMS 0x00000006c3c00000, 0x00000006c3c00000|
|  31|0x00000006c3d00000, 0x00000006c3e00000, 0x00000006c3e00000|100%| O|  |TS  2|AC  0|TAMS 0x00000006c3d00000, 0x00000006c3d00000|
|  32|0x00000006c3e00000, 0x00000006c3f00000, 0x00000006c3f00000|100%| O|  |TS  2|AC  0|TAMS 0x00000006c3e00000, 0x00000006c3e00000|
|  33|0x00000006c3f00000, 0x00000006c4000000, 0x00000006c4000000|100%| O|  |TS  2|AC  0|TAMS 0x00000006c3f00000, 0x00000006c3f00000|
|  34|0x00000006c4000000, 0x00000006c4100000, 0x00000006c4100000|100%| O|  |TS  2|AC  0|TAMS 0x00000006c4000000, 0x00000006c4000000|
|  35|0x00000006c4100000, 0x00000006c4200000, 0x00000006c4200000|100%| O|  |TS  2|AC  0|TAMS 0x00000006c4100000, 0x00000006c4100000|
|  36|0x00000006c4200000, 0x00000006c4300000, 0x00000006c4300000|100%| O|  |TS  2|AC  0|TAMS 0x00000006c4200000, 0x00000006c4200000|
|  37|0x00000006c4300000, 0x00000006c4400000, 0x00000006c4400000|100%| O|  |TS  2|AC  0|TAMS 0x00000006c4300000, 0x00000006c4300000|
|  38|0x00000006c4400000, 0x00000006c4500000, 0x00000006c4500000|100%| O|  |TS  2|AC  0|TAMS 0x00000006c4400000, 0x00000006c4400000|
|  39|0x00000006c4500000, 0x00000006c4600000, 0x00000006c4600000|100%| O|  |TS  2|AC  0|TAMS 0x00000006c4500000, 0x00000006c4500000|
|  40|0x00000006c4600000, 0x00000006c4700000, 0x00000006c4700000|100%| O|  |TS  2|AC  0|TAMS 0x00000006c4600000, 0x00000006c4600000|
|  41|0x00000006c4700000, 0x00000006c4800000, 0x00000006c4800000|100%| O|  |TS  2|AC  0|TAMS 0x00000006c4700000, 0x00000006c4700000|
|  42|0x00000006c4800000, 0x00000006c4900000, 0x00000006c4900000|100%| O|  |TS  2|AC  0|TAMS 0x00000006c4800000, 0x00000006c4800000|
|  43|0x00000006c4900000, 0x00000006c4a00000, 0x00000006c4a00000|100%| O|  |TS  3|AC  0|TAMS 0x00000006c4900000, 0x00000006c4900000|
|  44|0x00000006c4a00000, 0x00000006c4b00000, 0x00000006c4b00000|100%| O|  |TS  3|AC  0|TAMS 0x00000006c4a00000, 0x00000006c4a00000|
|  45|0x00000006c4b00000, 0x00000006c4c00000, 0x00000006c4c00000|100%| O|  |TS  3|AC  0|TAMS 0x00000006c4b00000, 0x00000006c4b00000|
|  46|0x00000006c4c00000, 0x00000006c4d00000, 0x00000006c4d00000|100%| O|  |TS  3|AC  0|TAMS 0x00000006c4c00000, 0x00000006c4c00000|
|  47|0x00000006c4d00000, 0x00000006c4e00000, 0x00000006c4e00000|100%| O|  |TS  3|AC  0|TAMS 0x00000006c4d00000, 0x00000006c4d00000|
|  48|0x00000006c4e00000, 0x00000006c4f00000, 0x00000006c4f00000|100%| O|  |TS  3|AC  0|TAMS 0x00000006c4e00000, 0x00000006c4e00000|
|  49|0x00000006c4f00000, 0x00000006c5000000, 0x00000006c5000000|100%| O|  |TS  3|AC  0|TAMS 0x00000006c4f00000, 0x00000006c4f00000|
|  50|0x00000006c5000000, 0x00000006c5080000, 0x00000006c5100000| 50%| O|  |TS  6|AC  0|TAMS 0x00000006c5000000, 0x00000006c5000000|
|  51|0x00000006c5100000, 0x00000006c5100000, 0x00000006c5200000|  0%| F|  |TS  0|AC  0|TAMS 0x00000006c5100000, 0x00000006c5100000|
|  52|0x00000006c5200000, 0x00000006c5200000, 0x00000006c5300000|  0%| F|  |TS  0|AC  0|TAMS 0x00000006c5200000, 0x00000006c5200000|
|  53|0x00000006c5300000, 0x00000006c5300000, 0x00000006c5400000|  0%| F|  |TS  0|AC  0|TAMS 0x00000006c5300000, 0x00000006c5300000|
|  54|0x00000006c5400000, 0x00000006c5400000, 0x00000006c5500000|  0%| F|  |TS  0|AC  0|TAMS 0x00000006c5400000, 0x00000006c5400000|
|  55|0x00000006c5500000, 0x00000006c5500000, 0x00000006c5600000|  0%| F|  |TS  0|AC  0|TAMS 0x00000006c5500000, 0x00000006c5500000|
|  56|0x00000006c5600000, 0x00000006c5600000, 0x00000006c5700000|  0%| F|  |TS  0|AC  0|TAMS 0x00000006c5600000, 0x00000006c5600000|
|  57|0x00000006c5700000, 0x00000006c5700000, 0x00000006c5800000|  0%| F|  |TS  0|AC  0|TAMS 0x00000006c5700000, 0x00000006c5700000|
|  58|0x00000006c5800000, 0x00000006c5800000, 0x00000006c5900000|  0%| F|  |TS  0|AC  0|TAMS 0x00000006c5800000, 0x00000006c5800000|
|  59|0x00000006c5900000, 0x00000006c5900000, 0x00000006c5a00000|  0%| F|  |TS  0|AC  0|TAMS 0x00000006c5900000, 0x00000006c5900000|
|  60|0x00000006c5a00000, 0x00000006c5a00000, 0x00000006c5b00000|  0%| F|  |TS  0|AC  0|TAMS 0x00000006c5a00000, 0x00000006c5a00000|
|  61|0x00000006c5b00000, 0x00000006c5b00000, 0x00000006c5c00000|  0%| F|  |TS  0|AC  0|TAMS 0x00000006c5b00000, 0x00000006c5b00000|
|  62|0x00000006c5c00000, 0x00000006c5c00000, 0x00000006c5d00000|  0%| F|  |TS  0|AC  0|TAMS 0x00000006c5c00000, 0x00000006c5c00000|
|  63|0x00000006c5d00000, 0x00000006c5d00000, 0x00000006c5e00000|  0%| F|  |TS  0|AC  0|TAMS 0x00000006c5d00000, 0x00000006c5d00000|
|  64|0x00000006c5e00000, 0x00000006c5e00000, 0x00000006c5f00000|  0%| F|  |TS  0|AC  0|TAMS 0x00000006c5e00000, 0x00000006c5e00000|
|  65|0x00000006c5f00000, 0x00000006c5f00000, 0x00000006c6000000|  0%| F|  |TS  0|AC  0|TAMS 0x00000006c5f00000, 0x00000006c5f00000|
|  66|0x00000006c6000000, 0x00000006c6000000, 0x00000006c6100000|  0%| F|  |TS  0|AC  0|TAMS 0x00000006c6000000, 0x00000006c6000000|
|  67|0x00000006c6100000, 0x00000006c6100000, 0x00000006c6200000|  0%| F|  |TS  0|AC  0|TAMS 0x00000006c6100000, 0x00000006c6100000|
|  68|0x00000006c6200000, 0x00000006c6200000, 0x00000006c6300000|  0%| F|  |TS  0|AC  0|TAMS 0x00000006c6200000, 0x00000006c6200000|
|  69|0x00000006c6300000, 0x00000006c6300000, 0x00000006c6400000|  0%| F|  |TS  0|AC  0|TAMS 0x00000006c6300000, 0x00000006c6300000|
|  70|0x00000006c6400000, 0x00000006c6400000, 0x00000006c6500000|  0%| F|  |TS  0|AC  0|TAMS 0x00000006c6400000, 0x00000006c6400000|
|  71|0x00000006c6500000, 0x00000006c6500000, 0x00000006c6600000|  0%| F|  |TS  0|AC  0|TAMS 0x00000006c6500000, 0x00000006c6500000|
|  72|0x00000006c6600000, 0x00000006c6600000, 0x00000006c6700000|  0%| F|  |TS  0|AC  0|TAMS 0x00000006c6600000, 0x00000006c6600000|
|  73|0x00000006c6700000, 0x00000006c6700000, 0x00000006c6800000|  0%| F|  |TS  0|AC  0|TAMS 0x00000006c6700000, 0x00000006c6700000|
|  74|0x00000006c6800000, 0x00000006c6800000, 0x00000006c6900000|  0%| F|  |TS  0|AC  0|TAMS 0x00000006c6800000, 0x00000006c6800000|
|  75|0x00000006c6900000, 0x00000006c6900000, 0x00000006c6a00000|  0%| F|  |TS  0|AC  0|TAMS 0x00000006c6900000, 0x00000006c6900000|
|  76|0x00000006c6a00000, 0x00000006c6a00000, 0x00000006c6b00000|  0%| F|  |TS  0|AC  0|TAMS 0x00000006c6a00000, 0x00000006c6a00000|
|  77|0x00000006c6b00000, 0x00000006c6b00000, 0x00000006c6c00000|  0%| F|  |TS  0|AC  0|TAMS 0x00000006c6b00000, 0x00000006c6b00000|
|  78|0x00000006c6c00000, 0x00000006c6c00000, 0x00000006c6d00000|  0%| F|  |TS  0|AC  0|TAMS 0x00000006c6c00000, 0x00000006c6c00000|
|  79|0x00000006c6d00000, 0x00000006c6d00000, 0x00000006c6e00000|  0%| F|  |TS  0|AC  0|TAMS 0x00000006c6d00000, 0x00000006c6d00000|
|  80|0x00000006c6e00000, 0x00000006c6e00000, 0x00000006c6f00000|  0%| F|  |TS  0|AC  0|TAMS 0x00000006c6e00000, 0x00000006c6e00000|
|  81|0x00000006c6f00000, 0x00000006c6f00000, 0x00000006c7000000|  0%| F|  |TS  0|AC  0|TAMS 0x00000006c6f00000, 0x00000006c6f00000|
|  82|0x00000006c7000000, 0x00000006c7000000, 0x00000006c7100000|  0%| F|  |TS  0|AC  0|TAMS 0x00000006c7000000, 0x00000006c7000000|
|  83|0x00000006c7100000, 0x00000006c7100000, 0x00000006c7200000|  0%| F|  |TS  0|AC  0|TAMS 0x00000006c7100000, 0x00000006c7100000|
|  84|0x00000006c7200000, 0x00000006c7200000, 0x00000006c7300000|  0%| F|  |TS  0|AC  0|TAMS 0x00000006c7200000, 0x00000006c7200000|
|  85|0x00000006c7300000, 0x00000006c7300000, 0x00000006c7400000|  0%| F|  |TS  0|AC  0|TAMS 0x00000006c7300000, 0x00000006c7300000|
|  86|0x00000006c7400000, 0x00000006c7400000, 0x00000006c7500000|  0%| F|  |TS  0|AC  0|TAMS 0x00000006c7400000, 0x00000006c7400000|
|  87|0x00000006c7500000, 0x00000006c7500000, 0x00000006c7600000|  0%| F|  |TS  0|AC  0|TAMS 0x00000006c7500000, 0x00000006c7500000|
|  88|0x00000006c7600000, 0x00000006c7600000, 0x00000006c7700000|  0%| F|  |TS  0|AC  0|TAMS 0x00000006c7600000, 0x00000006c7600000|
|  89|0x00000006c7700000, 0x00000006c7700000, 0x00000006c7800000|  0%| F|  |TS  0|AC  0|TAMS 0x00000006c7700000, 0x00000006c7700000|
|  90|0x00000006c7800000, 0x00000006c7800000, 0x00000006c7900000|  0%| F|  |TS  0|AC  0|TAMS 0x00000006c7800000, 0x00000006c7800000|
|  91|0x00000006c7900000, 0x00000006c7900000, 0x00000006c7a00000|  0%| F|  |TS  0|AC  0|TAMS 0x00000006c7900000, 0x00000006c7900000|
|  92|0x00000006c7a00000, 0x00000006c7a00000, 0x00000006c7b00000|  0%| F|  |TS  0|AC  0|TAMS 0x00000006c7a00000, 0x00000006c7a00000|
|  93|0x00000006c7b00000, 0x00000006c7b00000, 0x00000006c7c00000|  0%| F|  |TS  0|AC  0|TAMS 0x00000006c7b00000, 0x00000006c7b00000|
|  94|0x00000006c7c00000, 0x00000006c7c00000, 0x00000006c7d00000|  0%| F|  |TS  0|AC  0|TAMS 0x00000006c7c00000, 0x00000006c7c00000|
|  95|0x00000006c7d00000, 0x00000006c7d00000, 0x00000006c7e00000|  0%| F|  |TS  0|AC  0|TAMS 0x00000006c7d00000, 0x00000006c7d00000|
|  96|0x00000006c7e00000, 0x00000006c7e00000, 0x00000006c7f00000|  0%| F|  |TS  0|AC  0|TAMS 0x00000006c7e00000, 0x00000006c7e00000|
|  97|0x00000006c7f00000, 0x00000006c7f00000, 0x00000006c8000000|  0%| F|  |TS  0|AC  0|TAMS 0x00000006c7f00000, 0x00000006c7f00000|
|  98|0x00000006c8000000, 0x00000006c8000000, 0x00000006c8100000|  0%| F|  |TS  0|AC  0|TAMS 0x00000006c8000000, 0x00000006c8000000|
|  99|0x00000006c8100000, 0x00000006c8100000, 0x00000006c8200000|  0%| F|  |TS  0|AC  0|TAMS 0x00000006c8100000, 0x00000006c8100000|
| 100|0x00000006c8200000, 0x00000006c8200000, 0x00000006c8300000|  0%| F|  |TS  0|AC  0|TAMS 0x00000006c8200000, 0x00000006c8200000|
| 101|0x00000006c8300000, 0x00000006c8300000, 0x00000006c8400000|  0%| F|  |TS  0|AC  0|TAMS 0x00000006c8300000, 0x00000006c8300000|
| 102|0x00000006c8400000, 0x00000006c8400000, 0x00000006c8500000|  0%| F|  |TS  0|AC  0|TAMS 0x00000006c8400000, 0x00000006c8400000|
| 103|0x00000006c8500000, 0x00000006c8500000, 0x00000006c8600000|  0%| F|  |TS  0|AC  0|TAMS 0x00000006c8500000, 0x00000006c8500000|
| 104|0x00000006c8600000, 0x00000006c8600000, 0x00000006c8700000|  0%| F|  |TS  0|AC  0|TAMS 0x00000006c8600000, 0x00000006c8600000|
| 105|0x00000006c8700000, 0x00000006c8700000, 0x00000006c8800000|  0%| F|  |TS  0|AC  0|TAMS 0x00000006c8700000, 0x00000006c8700000|
| 106|0x00000006c8800000, 0x00000006c8800000, 0x00000006c8900000|  0%| F|  |TS  0|AC  0|TAMS 0x00000006c8800000, 0x00000006c8800000|
| 107|0x00000006c8900000, 0x00000006c8900000, 0x00000006c8a00000|  0%| F|  |TS  0|AC  0|TAMS 0x00000006c8900000, 0x00000006c8900000|
| 108|0x00000006c8a00000, 0x00000006c8a00000, 0x00000006c8b00000|  0%| F|  |TS  0|AC  0|TAMS 0x00000006c8a00000, 0x00000006c8a00000|
| 109|0x00000006c8b00000, 0x00000006c8b00000, 0x00000006c8c00000|  0%| F|  |TS  0|AC  0|TAMS 0x00000006c8b00000, 0x00000006c8b00000|
| 110|0x00000006c8c00000, 0x00000006c8c00000, 0x00000006c8d00000|  0%| F|  |TS  0|AC  0|TAMS 0x00000006c8c00000, 0x00000006c8c00000|
| 111|0x00000006c8d00000, 0x00000006c8d00000, 0x00000006c8e00000|  0%| F|  |TS  0|AC  0|TAMS 0x00000006c8d00000, 0x00000006c8d00000|
| 112|0x00000006c8e00000, 0x00000006c8e00000, 0x00000006c8f00000|  0%| F|  |TS  0|AC  0|TAMS 0x00000006c8e00000, 0x00000006c8e00000|
| 113|0x00000006c8f00000, 0x00000006c8f00000, 0x00000006c9000000|  0%| F|  |TS  0|AC  0|TAMS 0x00000006c8f00000, 0x00000006c8f00000|
| 114|0x00000006c9000000, 0x00000006c9000000, 0x00000006c9100000|  0%| F|  |TS  0|AC  0|TAMS 0x00000006c9000000, 0x00000006c9000000|
| 115|0x00000006c9100000, 0x00000006c9100000, 0x00000006c9200000|  0%| F|  |TS  0|AC  0|TAMS 0x00000006c9100000, 0x00000006c9100000|
| 116|0x00000006c9200000, 0x00000006c9200000, 0x00000006c9300000|  0%| F|  |TS  0|AC  0|TAMS 0x00000006c9200000, 0x00000006c9200000|
| 117|0x00000006c9300000, 0x00000006c9300000, 0x00000006c9400000|  0%| F|  |TS  0|AC  0|TAMS 0x00000006c9300000, 0x00000006c9300000|
| 118|0x00000006c9400000, 0x00000006c9400000, 0x00000006c9500000|  0%| F|  |TS  0|AC  0|TAMS 0x00000006c9400000, 0x00000006c9400000|
| 119|0x00000006c9500000, 0x00000006c9500000, 0x00000006c9600000|  0%| F|  |TS  0|AC  0|TAMS 0x00000006c9500000, 0x00000006c9500000|
| 120|0x00000006c9600000, 0x00000006c9600000, 0x00000006c9700000|  0%| F|  |TS  0|AC  0|TAMS 0x00000006c9600000, 0x00000006c9600000|
| 121|0x00000006c9700000, 0x00000006c9700000, 0x00000006c9800000|  0%| F|  |TS  0|AC  0|TAMS 0x00000006c9700000, 0x00000006c9700000|
| 122|0x00000006c9800000, 0x00000006c9800000, 0x00000006c9900000|  0%| F|  |TS  0|AC  0|TAMS 0x00000006c9800000, 0x00000006c9800000|
| 123|0x00000006c9900000, 0x00000006c9900000, 0x00000006c9a00000|  0%| F|  |TS  0|AC  0|TAMS 0x00000006c9900000, 0x00000006c9900000|
| 124|0x00000006c9a00000, 0x00000006c9a00000, 0x00000006c9b00000|  0%| F|  |TS  0|AC  0|TAMS 0x00000006c9a00000, 0x00000006c9a00000|
| 125|0x00000006c9b00000, 0x00000006c9b00000, 0x00000006c9c00000|  0%| F|  |TS  0|AC  0|TAMS 0x00000006c9b00000, 0x00000006c9b00000|
| 126|0x00000006c9c00000, 0x00000006c9c00000, 0x00000006c9d00000|  0%| F|  |TS  0|AC  0|TAMS 0x00000006c9c00000, 0x00000006c9c00000|
| 127|0x00000006c9d00000, 0x00000006c9d00000, 0x00000006c9e00000|  0%| F|  |TS  0|AC  0|TAMS 0x00000006c9d00000, 0x00000006c9d00000|
| 128|0x00000006c9e00000, 0x00000006c9e00000, 0x00000006c9f00000|  0%| F|  |TS  0|AC  0|TAMS 0x00000006c9e00000, 0x00000006c9e00000|
| 129|0x00000006c9f00000, 0x00000006c9f00000, 0x00000006ca000000|  0%| F|  |TS  0|AC  0|TAMS 0x00000006c9f00000, 0x00000006c9f00000|
| 130|0x00000006ca000000, 0x00000006ca000000, 0x00000006ca100000|  0%| F|  |TS  0|AC  0|TAMS 0x00000006ca000000, 0x00000006ca000000|
| 131|0x00000006ca100000, 0x00000006ca100000, 0x00000006ca200000|  0%| F|  |TS  0|AC  0|TAMS 0x00000006ca100000, 0x00000006ca100000|
| 132|0x00000006ca200000, 0x00000006ca200000, 0x00000006ca300000|  0%| F|  |TS  0|AC  0|TAMS 0x00000006ca200000, 0x00000006ca200000|
| 133|0x00000006ca300000, 0x00000006ca300000, 0x00000006ca400000|  0%| F|  |TS  0|AC  0|TAMS 0x00000006ca300000, 0x00000006ca300000|
| 134|0x00000006ca400000, 0x00000006ca400000, 0x00000006ca500000|  0%| F|  |TS  0|AC  0|TAMS 0x00000006ca400000, 0x00000006ca400000|
| 135|0x00000006ca500000, 0x00000006ca500000, 0x00000006ca600000|  0%| F|  |TS  0|AC  0|TAMS 0x00000006ca500000, 0x00000006ca500000|
| 136|0x00000006ca600000, 0x00000006ca600000, 0x00000006ca700000|  0%| F|  |TS  0|AC  0|TAMS 0x00000006ca600000, 0x00000006ca600000|
| 137|0x00000006ca700000, 0x00000006ca700000, 0x00000006ca800000|  0%| F|  |TS  0|AC  0|TAMS 0x00000006ca700000, 0x00000006ca700000|
| 138|0x00000006ca800000, 0x00000006ca800000, 0x00000006ca900000|  0%| F|  |TS  0|AC  0|TAMS 0x00000006ca800000, 0x00000006ca800000|
| 139|0x00000006ca900000, 0x00000006ca900000, 0x00000006caa00000|  0%| F|  |TS  0|AC  0|TAMS 0x00000006ca900000, 0x00000006ca900000|
| 140|0x00000006caa00000, 0x00000006caa00000, 0x00000006cab00000|  0%| F|  |TS  0|AC  0|TAMS 0x00000006caa00000, 0x00000006caa00000|
| 141|0x00000006cab00000, 0x00000006cab00000, 0x00000006cac00000|  0%| F|  |TS  0|AC  0|TAMS 0x00000006cab00000, 0x00000006cab00000|
| 142|0x00000006cac00000, 0x00000006cac00000, 0x00000006cad00000|  0%| F|  |TS  0|AC  0|TAMS 0x00000006cac00000, 0x00000006cac00000|
| 143|0x00000006cad00000, 0x00000006cad00000, 0x00000006cae00000|  0%| F|  |TS  0|AC  0|TAMS 0x00000006cad00000, 0x00000006cad00000|
| 144|0x00000006cae00000, 0x00000006cae00000, 0x00000006caf00000|  0%| F|  |TS  0|AC  0|TAMS 0x00000006cae00000, 0x00000006cae00000|
| 145|0x00000006caf00000, 0x00000006caf00000, 0x00000006cb000000|  0%| F|  |TS  0|AC  0|TAMS 0x00000006caf00000, 0x00000006caf00000|
| 146|0x00000006cb000000, 0x00000006cb000000, 0x00000006cb100000|  0%| F|  |TS  0|AC  0|TAMS 0x00000006cb000000, 0x00000006cb000000|
| 147|0x00000006cb100000, 0x00000006cb100000, 0x00000006cb200000|  0%| F|  |TS  0|AC  0|TAMS 0x00000006cb100000, 0x00000006cb100000|
| 148|0x00000006cb200000, 0x00000006cb200000, 0x00000006cb300000|  0%| F|  |TS  0|AC  0|TAMS 0x00000006cb200000, 0x00000006cb200000|
| 149|0x00000006cb300000, 0x00000006cb300000, 0x00000006cb400000|  0%| F|  |TS  0|AC  0|TAMS 0x00000006cb300000, 0x00000006cb300000|
| 150|0x00000006cb400000, 0x00000006cb400000, 0x00000006cb500000|  0%| F|  |TS  0|AC  0|TAMS 0x00000006cb400000, 0x00000006cb400000|
| 151|0x00000006cb500000, 0x00000006cb500000, 0x00000006cb600000|  0%| F|  |TS  0|AC  0|TAMS 0x00000006cb500000, 0x00000006cb500000|
| 152|0x00000006cb600000, 0x00000006cb600000, 0x00000006cb700000|  0%| F|  |TS  0|AC  0|TAMS 0x00000006cb600000, 0x00000006cb600000|
| 153|0x00000006cb700000, 0x00000006cb700000, 0x00000006cb800000|  0%| F|  |TS  0|AC  0|TAMS 0x00000006cb700000, 0x00000006cb700000|
| 154|0x00000006cb800000, 0x00000006cb800000, 0x00000006cb900000|  0%| F|  |TS  0|AC  0|TAMS 0x00000006cb800000, 0x00000006cb800000|
| 155|0x00000006cb900000, 0x00000006cb900000, 0x00000006cba00000|  0%| F|  |TS  0|AC  0|TAMS 0x00000006cb900000, 0x00000006cb900000|
| 156|0x00000006cba00000, 0x00000006cba00000, 0x00000006cbb00000|  0%| F|  |TS  0|AC  0|TAMS 0x00000006cba00000, 0x00000006cba00000|
| 157|0x00000006cbb00000, 0x00000006cbb00000, 0x00000006cbc00000|  0%| F|  |TS  0|AC  0|TAMS 0x00000006cbb00000, 0x00000006cbb00000|
| 158|0x00000006cbc00000, 0x00000006cbc00000, 0x00000006cbd00000|  0%| F|  |TS  0|AC  0|TAMS 0x00000006cbc00000, 0x00000006cbc00000|
| 159|0x00000006cbd00000, 0x00000006cbd00000, 0x00000006cbe00000|  0%| F|  |TS  0|AC  0|TAMS 0x00000006cbd00000, 0x00000006cbd00000|
| 160|0x00000006cbe00000, 0x00000006cbe00000, 0x00000006cbf00000|  0%| F|  |TS  0|AC  0|TAMS 0x00000006cbe00000, 0x00000006cbe00000|
| 161|0x00000006cbf00000, 0x00000006cbf00000, 0x00000006cc000000|  0%| F|  |TS  0|AC  0|TAMS 0x00000006cbf00000, 0x00000006cbf00000|
| 162|0x00000006cc000000, 0x00000006cc000000, 0x00000006cc100000|  0%| F|  |TS  0|AC  0|TAMS 0x00000006cc000000, 0x00000006cc000000|
| 163|0x00000006cc100000, 0x00000006cc100000, 0x00000006cc200000|  0%| F|  |TS  0|AC  0|TAMS 0x00000006cc100000, 0x00000006cc100000|
| 164|0x00000006cc200000, 0x00000006cc200000, 0x00000006cc300000|  0%| F|  |TS  0|AC  0|TAMS 0x00000006cc200000, 0x00000006cc200000|
| 165|0x00000006cc300000, 0x00000006cc300000, 0x00000006cc400000|  0%| F|  |TS  0|AC  0|TAMS 0x00000006cc300000, 0x00000006cc300000|
| 166|0x00000006cc400000, 0x00000006cc40e1a0, 0x00000006cc500000|  5%| S|CS|TS  6|AC  0|TAMS 0x00000006cc400000, 0x00000006cc400000|
| 167|0x00000006cc500000, 0x00000006cc500000, 0x00000006cc600000|  0%| F|  |TS  6|AC  0|TAMS 0x00000006cc500000, 0x00000006cc500000|
| 168|0x00000006cc600000, 0x00000006cc600000, 0x00000006cc700000|  0%| F|  |TS  6|AC  0|TAMS 0x00000006cc600000, 0x00000006cc600000|
| 169|0x00000006cc700000, 0x00000006cc700000, 0x00000006cc800000|  0%| F|  |TS  6|AC  0|TAMS 0x00000006cc700000, 0x00000006cc700000|
| 170|0x00000006cc800000, 0x00000006cc800000, 0x00000006cc900000|  0%| F|  |TS  6|AC  0|TAMS 0x00000006cc800000, 0x00000006cc800000|
| 171|0x00000006cc900000, 0x00000006cc900000, 0x00000006cca00000|  0%| F|  |TS  6|AC  0|TAMS 0x00000006cc900000, 0x00000006cc900000|
| 172|0x00000006cca00000, 0x00000006cca00000, 0x00000006ccb00000|  0%| F|  |TS  6|AC  0|TAMS 0x00000006cca00000, 0x00000006cca00000|
| 173|0x00000006ccb00000, 0x00000006ccb00000, 0x00000006ccc00000|  0%| F|  |TS  6|AC  0|TAMS 0x00000006ccb00000, 0x00000006ccb00000|
| 174|0x00000006ccc00000, 0x00000006ccc00000, 0x00000006ccd00000|  0%| F|  |TS  6|AC  0|TAMS 0x00000006ccc00000, 0x00000006ccc00000|
| 175|0x00000006ccd00000, 0x00000006ccd00000, 0x00000006cce00000|  0%| F|  |TS  6|AC  0|TAMS 0x00000006ccd00000, 0x00000006ccd00000|
| 176|0x00000006cce00000, 0x00000006cce00000, 0x00000006ccf00000|  0%| F|  |TS  6|AC  0|TAMS 0x00000006cce00000, 0x00000006cce00000|
| 177|0x00000006ccf00000, 0x00000006ccf00000, 0x00000006cd000000|  0%| F|  |TS  6|AC  0|TAMS 0x00000006ccf00000, 0x00000006ccf00000|
| 178|0x00000006cd000000, 0x00000006cd000000, 0x00000006cd100000|  0%| F|  |TS  6|AC  0|TAMS 0x00000006cd000000, 0x00000006cd000000|
| 179|0x00000006cd100000, 0x00000006cd100000, 0x00000006cd200000|  0%| F|  |TS  6|AC  0|TAMS 0x00000006cd100000, 0x00000006cd100000|
| 180|0x00000006cd200000, 0x00000006cd200000, 0x00000006cd300000|  0%| F|  |TS  6|AC  0|TAMS 0x00000006cd200000, 0x00000006cd200000|
| 181|0x00000006cd300000, 0x00000006cd300000, 0x00000006cd400000|  0%| F|  |TS  6|AC  0|TAMS 0x00000006cd300000, 0x00000006cd300000|
| 182|0x00000006cd400000, 0x00000006cd400000, 0x00000006cd500000|  0%| F|  |TS  6|AC  0|TAMS 0x00000006cd400000, 0x00000006cd400000|
| 183|0x00000006cd500000, 0x00000006cd600000, 0x00000006cd600000|100%| E|  |TS  6|AC  0|TAMS 0x00000006cd500000, 0x00000006cd500000|
| 184|0x00000006cd600000, 0x00000006cd700000, 0x00000006cd700000|100%| E|CS|TS  6|AC  0|TAMS 0x00000006cd600000, 0x00000006cd600000|
| 185|0x00000006cd700000, 0x00000006cd800000, 0x00000006cd800000|100%| E|CS|TS  6|AC  0|TAMS 0x00000006cd700000, 0x00000006cd700000|
| 186|0x00000006cd800000, 0x00000006cd900000, 0x00000006cd900000|100%| E|CS|TS  6|AC  0|TAMS 0x00000006cd800000, 0x00000006cd800000|
| 187|0x00000006cd900000, 0x00000006cda00000, 0x00000006cda00000|100%| E|CS|TS  6|AC  0|TAMS 0x00000006cd900000, 0x00000006cd900000|
| 188|0x00000006cda00000, 0x00000006cdb00000, 0x00000006cdb00000|100%| E|CS|TS  6|AC  0|TAMS 0x00000006cda00000, 0x00000006cda00000|
| 189|0x00000006cdb00000, 0x00000006cdc00000, 0x00000006cdc00000|100%| E|CS|TS  6|AC  0|TAMS 0x00000006cdb00000, 0x00000006cdb00000|
| 190|0x00000006cdc00000, 0x00000006cdd00000, 0x00000006cdd00000|100%| E|CS|TS  6|AC  0|TAMS 0x00000006cdc00000, 0x00000006cdc00000|
| 191|0x00000006cdd00000, 0x00000006cde00000, 0x00000006cde00000|100%| E|CS|TS  6|AC  0|TAMS 0x00000006cdd00000, 0x00000006cdd00000|
| 192|0x00000006cde00000, 0x00000006cdf00000, 0x00000006cdf00000|100%| E|CS|TS  6|AC  0|TAMS 0x00000006cde00000, 0x00000006cde00000|
| 193|0x00000006cdf00000, 0x00000006ce000000, 0x00000006ce000000|100%| E|CS|TS  6|AC  0|TAMS 0x00000006cdf00000, 0x00000006cdf00000|
| 194|0x00000006ce000000, 0x00000006ce100000, 0x00000006ce100000|100%| E|CS|TS  6|AC  0|TAMS 0x00000006ce000000, 0x00000006ce000000|
| 195|0x00000006ce100000, 0x00000006ce200000, 0x00000006ce200000|100%| E|CS|TS  6|AC  0|TAMS 0x00000006ce100000, 0x00000006ce100000|
| 196|0x00000006ce200000, 0x00000006ce300000, 0x00000006ce300000|100%| E|CS|TS  6|AC  0|TAMS 0x00000006ce200000, 0x00000006ce200000|
| 197|0x00000006ce300000, 0x00000006ce400000, 0x00000006ce400000|100%| E|CS|TS  6|AC  0|TAMS 0x00000006ce300000, 0x00000006ce300000|
| 198|0x00000006ce400000, 0x00000006ce500000, 0x00000006ce500000|100%| E|CS|TS  6|AC  0|TAMS 0x00000006ce400000, 0x00000006ce400000|
| 199|0x00000006ce500000, 0x00000006ce600000, 0x00000006ce600000|100%| E|CS|TS  6|AC  0|TAMS 0x00000006ce500000, 0x00000006ce500000|
| 200|0x00000006ce600000, 0x00000006ce700000, 0x00000006ce700000|100%| E|CS|TS  6|AC  0|TAMS 0x00000006ce600000, 0x00000006ce600000|
| 201|0x00000006ce700000, 0x00000006ce800000, 0x00000006ce800000|100%| E|CS|TS  6|AC  0|TAMS 0x00000006ce700000, 0x00000006ce700000|
| 202|0x00000006ce800000, 0x00000006ce900000, 0x00000006ce900000|100%| E|CS|TS  6|AC  0|TAMS 0x00000006ce800000, 0x00000006ce800000|
| 203|0x00000006ce900000, 0x00000006cea00000, 0x00000006cea00000|100%| E|CS|TS  6|AC  0|TAMS 0x00000006ce900000, 0x00000006ce900000|
| 204|0x00000006cea00000, 0x00000006ceb00000, 0x00000006ceb00000|100%| E|CS|TS  6|AC  0|TAMS 0x00000006cea00000, 0x00000006cea00000|
| 205|0x00000006ceb00000, 0x00000006cec00000, 0x00000006cec00000|100%| E|CS|TS  6|AC  0|TAMS 0x00000006ceb00000, 0x00000006ceb00000|
| 206|0x00000006cec00000, 0x00000006ced00000, 0x00000006ced00000|100%| E|CS|TS  6|AC  0|TAMS 0x00000006cec00000, 0x00000006cec00000|
| 207|0x00000006ced00000, 0x00000006cee00000, 0x00000006cee00000|100%| E|CS|TS  6|AC  0|TAMS 0x00000006ced00000, 0x00000006ced00000|
| 208|0x00000006cee00000, 0x00000006cef00000, 0x00000006cef00000|100%| E|CS|TS  6|AC  0|TAMS 0x00000006cee00000, 0x00000006cee00000|
| 209|0x00000006cef00000, 0x00000006cf000000, 0x00000006cf000000|100%| E|CS|TS  6|AC  0|TAMS 0x00000006cef00000, 0x00000006cef00000|
| 210|0x00000006cf000000, 0x00000006cf100000, 0x00000006cf100000|100%| E|CS|TS  6|AC  0|TAMS 0x00000006cf000000, 0x00000006cf000000|
| 211|0x00000006cf100000, 0x00000006cf200000, 0x00000006cf200000|100%| E|CS|TS  6|AC  0|TAMS 0x00000006cf100000, 0x00000006cf100000|
| 212|0x00000006cf200000, 0x00000006cf300000, 0x00000006cf300000|100%| E|CS|TS  6|AC  0|TAMS 0x00000006cf200000, 0x00000006cf200000|
| 213|0x00000006cf300000, 0x00000006cf400000, 0x00000006cf400000|100%| E|CS|TS  6|AC  0|TAMS 0x00000006cf300000, 0x00000006cf300000|
| 214|0x00000006cf400000, 0x00000006cf500000, 0x00000006cf500000|100%| E|CS|TS  6|AC  0|TAMS 0x00000006cf400000, 0x00000006cf400000|
| 215|0x00000006cf500000, 0x00000006cf600000, 0x00000006cf600000|100%| E|CS|TS  6|AC  0|TAMS 0x00000006cf500000, 0x00000006cf500000|
| 216|0x00000006cf600000, 0x00000006cf700000, 0x00000006cf700000|100%| E|CS|TS  6|AC  0|TAMS 0x00000006cf600000, 0x00000006cf600000|
| 217|0x00000006cf700000, 0x00000006cf800000, 0x00000006cf800000|100%| E|CS|TS  6|AC  0|TAMS 0x00000006cf700000, 0x00000006cf700000|
| 218|0x00000006cf800000, 0x00000006cf900000, 0x00000006cf900000|100%| E|CS|TS  6|AC  0|TAMS 0x00000006cf800000, 0x00000006cf800000|
| 219|0x00000006cf900000, 0x00000006cfa00000, 0x00000006cfa00000|100%| E|CS|TS  6|AC  0|TAMS 0x00000006cf900000, 0x00000006cf900000|
| 220|0x00000006cfa00000, 0x00000006cfb00000, 0x00000006cfb00000|100%| E|CS|TS  6|AC  0|TAMS 0x00000006cfa00000, 0x00000006cfa00000|
| 221|0x00000006cfb00000, 0x00000006cfc00000, 0x00000006cfc00000|100%| E|CS|TS  6|AC  0|TAMS 0x00000006cfb00000, 0x00000006cfb00000|
| 222|0x00000006cfc00000, 0x00000006cfd00000, 0x00000006cfd00000|100%| E|CS|TS  6|AC  0|TAMS 0x00000006cfc00000, 0x00000006cfc00000|
| 223|0x00000006cfd00000, 0x00000006cfe00000, 0x00000006cfe00000|100%| E|CS|TS  6|AC  0|TAMS 0x00000006cfd00000, 0x00000006cfd00000|
| 224|0x00000006cfe00000, 0x00000006cff00000, 0x00000006cff00000|100%| E|CS|TS  6|AC  0|TAMS 0x00000006cfe00000, 0x00000006cfe00000|
| 225|0x00000006cff00000, 0x00000006d0000000, 0x00000006d0000000|100%| E|CS|TS  6|AC  0|TAMS 0x00000006cff00000, 0x00000006cff00000|
| 226|0x00000006d0000000, 0x00000006d0100000, 0x00000006d0100000|100%| E|CS|TS  6|AC  0|TAMS 0x00000006d0000000, 0x00000006d0000000|
| 227|0x00000006d0100000, 0x00000006d0200000, 0x00000006d0200000|100%| E|CS|TS  6|AC  0|TAMS 0x00000006d0100000, 0x00000006d0100000|
| 228|0x00000006d0200000, 0x00000006d0300000, 0x00000006d0300000|100%| E|CS|TS  6|AC  0|TAMS 0x00000006d0200000, 0x00000006d0200000|
| 229|0x00000006d0300000, 0x00000006d0400000, 0x00000006d0400000|100%| E|CS|TS  6|AC  0|TAMS 0x00000006d0300000, 0x00000006d0300000|
| 230|0x00000006d0400000, 0x00000006d0500000, 0x00000006d0500000|100%| E|CS|TS  6|AC  0|TAMS 0x00000006d0400000, 0x00000006d0400000|
| 231|0x00000006d0500000, 0x00000006d0600000, 0x00000006d0600000|100%| E|CS|TS  6|AC  0|TAMS 0x00000006d0500000, 0x00000006d0500000|
| 232|0x00000006d0600000, 0x00000006d0700000, 0x00000006d0700000|100%| E|CS|TS  6|AC  0|TAMS 0x00000006d0600000, 0x00000006d0600000|
| 233|0x00000006d0700000, 0x00000006d0800000, 0x00000006d0800000|100%| E|CS|TS  6|AC  0|TAMS 0x00000006d0700000, 0x00000006d0700000|
| 234|0x00000006d0800000, 0x00000006d0900000, 0x00000006d0900000|100%| E|CS|TS  6|AC  0|TAMS 0x00000006d0800000, 0x00000006d0800000|
| 235|0x00000006d0900000, 0x00000006d0a00000, 0x00000006d0a00000|100%| E|CS|TS  6|AC  0|TAMS 0x00000006d0900000, 0x00000006d0900000|
| 236|0x00000006d0a00000, 0x00000006d0b00000, 0x00000006d0b00000|100%| E|CS|TS  6|AC  0|TAMS 0x00000006d0a00000, 0x00000006d0a00000|
| 237|0x00000006d0b00000, 0x00000006d0c00000, 0x00000006d0c00000|100%| E|CS|TS  6|AC  0|TAMS 0x00000006d0b00000, 0x00000006d0b00000|
| 238|0x00000006d0c00000, 0x00000006d0d00000, 0x00000006d0d00000|100%| E|CS|TS  6|AC  0|TAMS 0x00000006d0c00000, 0x00000006d0c00000|
| 239|0x00000006d0d00000, 0x00000006d0e00000, 0x00000006d0e00000|100%| E|CS|TS  6|AC  0|TAMS 0x00000006d0d00000, 0x00000006d0d00000|
| 240|0x00000006d0e00000, 0x00000006d0f00000, 0x00000006d0f00000|100%| E|CS|TS  6|AC  0|TAMS 0x00000006d0e00000, 0x00000006d0e00000|
| 241|0x00000006d0f00000, 0x00000006d1000000, 0x00000006d1000000|100%| E|CS|TS  6|AC  0|TAMS 0x00000006d0f00000, 0x00000006d0f00000|
| 242|0x00000006d1000000, 0x00000006d1100000, 0x00000006d1100000|100%| E|CS|TS  6|AC  0|TAMS 0x00000006d1000000, 0x00000006d1000000|
| 243|0x00000006d1100000, 0x00000006d1200000, 0x00000006d1200000|100%| E|CS|TS  6|AC  0|TAMS 0x00000006d1100000, 0x00000006d1100000|
| 244|0x00000006d1200000, 0x00000006d1300000, 0x00000006d1300000|100%| E|CS|TS  6|AC  0|TAMS 0x00000006d1200000, 0x00000006d1200000|
| 245|0x00000006d1300000, 0x00000006d1400000, 0x00000006d1400000|100%| E|CS|TS  6|AC  0|TAMS 0x00000006d1300000, 0x00000006d1300000|
| 246|0x00000006d1400000, 0x00000006d1500000, 0x00000006d1500000|100%| E|CS|TS  6|AC  0|TAMS 0x00000006d1400000, 0x00000006d1400000|
| 247|0x00000006d1500000, 0x00000006d1600000, 0x00000006d1600000|100%| E|CS|TS  6|AC  0|TAMS 0x00000006d1500000, 0x00000006d1500000|
| 248|0x00000006d1600000, 0x00000006d1700000, 0x00000006d1700000|100%| E|CS|TS  6|AC  0|TAMS 0x00000006d1600000, 0x00000006d1600000|
| 249|0x00000006d1700000, 0x00000006d1800000, 0x00000006d1800000|100%| E|CS|TS  6|AC  0|TAMS 0x00000006d1700000, 0x00000006d1700000|
| 250|0x00000006d1800000, 0x00000006d1900000, 0x00000006d1900000|100%| E|CS|TS  6|AC  0|TAMS 0x00000006d1800000, 0x00000006d1800000|
| 251|0x00000006d1900000, 0x00000006d1a00000, 0x00000006d1a00000|100%| E|CS|TS  6|AC  0|TAMS 0x00000006d1900000, 0x00000006d1900000|
| 252|0x00000006d1a00000, 0x00000006d1b00000, 0x00000006d1b00000|100%| E|CS|TS  6|AC  0|TAMS 0x00000006d1a00000, 0x00000006d1a00000|
| 253|0x00000006d1b00000, 0x00000006d1c00000, 0x00000006d1c00000|100%| E|CS|TS  6|AC  0|TAMS 0x00000006d1b00000, 0x00000006d1b00000|
| 254|0x00000006d1c00000, 0x00000006d1d00000, 0x00000006d1d00000|100%| E|CS|TS  6|AC  0|TAMS 0x00000006d1c00000, 0x00000006d1c00000|
| 255|0x00000006d1d00000, 0x00000006d1e00000, 0x00000006d1e00000|100%| E|CS|TS  6|AC  0|TAMS 0x00000006d1d00000, 0x00000006d1d00000|

Card table byte_map: [0x0000023e66460000,0x0000023e66c60000] byte_map_base: 0x0000023e62e51000

Marking Bits (Prev, Next): (CMBitMap*) 0x0000023e6f4081e0, (CMBitMap*) 0x0000023e6f408218
 Prev Bits: [0x0000023e67460000, 0x0000023e6b3e8000)
 Next Bits: [0x0000023e6b3f0000, 0x0000023e6f378000)

Polling page: 0x0000023e4cd90000

CodeHeap 'non-profiled nmethods': size=120000Kb used=873Kb max_used=873Kb free=119127Kb
 bounds [0x0000023e5daa0000, 0x0000023e5dd10000, 0x0000023e64fd0000]
CodeHeap 'profiled nmethods': size=120000Kb used=4279Kb max_used=4279Kb free=115720Kb
 bounds [0x0000023e56570000, 0x0000023e569a0000, 0x0000023e5daa0000]
CodeHeap 'non-nmethods': size=5760Kb used=1227Kb max_used=1269Kb free=4532Kb
 bounds [0x0000023e55fd0000, 0x0000023e56240000, 0x0000023e56570000]
 total_blobs=3068 nmethods=2103 adapters=508
 compilation: enabled

Compilation events (10 events):
Event: 23.563 Thread 0x0000023e72a15000 2099       4       java.util.IdentityHashMap::get (60 bytes)
Event: 23.567 Thread 0x0000023e72a3f800 2100       1       java.nio.charset.CharsetEncoder::maxBytesPerChar (5 bytes)
Event: 23.567 Thread 0x0000023e72a3f800 nmethod 2100 0x0000023e5db79b10 code [0x0000023e5db79cc0, 0x0000023e5db79dd8]
Event: 23.567 Thread 0x0000023e72a15000 nmethod 2099 0x0000023e5db79e90 code [0x0000023e5db7a040, 0x0000023e5db7a208]
Event: 23.568 Thread 0x0000023e72a3f800 2101       3       java.awt.MenuComponent::getFont_NoClientCode (55 bytes)
Event: 23.568 Thread 0x0000023e72a3f800 nmethod 2101 0x0000023e5699c190 code [0x0000023e5699c3c0, 0x0000023e5699cc80]
Event: 23.568 Thread 0x0000023e72a3f800 2102       3       java.lang.String::toCharArray (25 bytes)
Event: 23.568 Thread 0x0000023e72a3f800 nmethod 2102 0x0000023e5699ce10 code [0x0000023e5699d000, 0x0000023e5699d520]
Event: 23.568 Thread 0x0000023e72a3f800 2103       3       java.lang.StringLatin1::toChars (16 bytes)
Event: 23.568 Thread 0x0000023e72a3f800 nmethod 2103 0x0000023e5699d710 code [0x0000023e5699d8e0, 0x0000023e5699dc18]

GC Heap History (10 events):
Event: 20.480 GC heap before
{Heap before GC invocations=1 (full 0):
 garbage-first heap   total 262144K, used 88759K [0x00000006c1e00000, 0x00000007c0000000)
  region size 1024K, 77 young (78848K), 3 survivors (3072K)
 Metaspace       used 16949K, capacity 17354K, committed 17664K, reserved 1064960K
  class space    used 2051K, capacity 2258K, committed 2304K, reserved 1048576K
}
Event: 20.499 GC heap after
{Heap after GC invocations=2 (full 0):
 garbage-first heap   total 262144K, used 49745K [0x00000006c1e00000, 0x00000007c0000000)
  region size 1024K, 10 young (10240K), 10 survivors (10240K)
 Metaspace       used 16949K, capacity 17354K, committed 17664K, reserved 1064960K
  class space    used 2051K, capacity 2258K, committed 2304K, reserved 1048576K
}
Event: 20.566 GC heap before
{Heap before GC invocations=2 (full 0):
 garbage-first heap   total 262144K, used 93777K [0x00000006c1e00000, 0x00000007c0000000)
  region size 1024K, 53 young (54272K), 10 survivors (10240K)
 Metaspace       used 16949K, capacity 17354K, committed 17664K, reserved 1064960K
  class space    used 2051K, capacity 2258K, committed 2304K, reserved 1048576K
}
Event: 20.570 GC heap after
{Heap after GC invocations=3 (full 0):
 garbage-first heap   total 262144K, used 52196K [0x00000006c1e00000, 0x00000007c0000000)
  region size 1024K, 1 young (1024K), 1 survivors (1024K)
 Metaspace       used 16949K, capacity 17354K, committed 17664K, reserved 1064960K
  class space    used 2051K, capacity 2258K, committed 2304K, reserved 1048576K
}
Event: 20.663 GC heap before
{Heap before GC invocations=3 (full 0):
 garbage-first heap   total 262144K, used 106468K [0x00000006c1e00000, 0x00000007c0000000)
  region size 1024K, 54 young (55296K), 1 survivors (1024K)
 Metaspace       used 16949K, capacity 17354K, committed 17664K, reserved 1064960K
  class space    used 2051K, capacity 2258K, committed 2304K, reserved 1048576K
}
Event: 20.664 GC heap after
{Heap after GC invocations=4 (full 0):
 garbage-first heap   total 262144K, used 51752K [0x00000006c1e00000, 0x00000007c0000000)
  region size 1024K, 1 young (1024K), 1 survivors (1024K)
 Metaspace       used 16949K, capacity 17354K, committed 17664K, reserved 1064960K
  class space    used 2051K, capacity 2258K, committed 2304K, reserved 1048576K
}
Event: 20.763 GC heap before
{Heap before GC invocations=4 (full 0):
 garbage-first heap   total 262144K, used 123432K [0x00000006c1e00000, 0x00000007c0000000)
  region size 1024K, 71 young (72704K), 1 survivors (1024K)
 Metaspace       used 16949K, capacity 17354K, committed 17664K, reserved 1064960K
  class space    used 2051K, capacity 2258K, committed 2304K, reserved 1048576K
}
Event: 20.763 GC heap after
{Heap after GC invocations=5 (full 0):
 garbage-first heap   total 262144K, used 51813K [0x00000006c1e00000, 0x00000007c0000000)
  region size 1024K, 1 young (1024K), 1 survivors (1024K)
 Metaspace       used 16949K, capacity 17354K, committed 17664K, reserved 1064960K
  class space    used 2051K, capacity 2258K, committed 2304K, reserved 1048576K
}
Event: 20.907 GC heap before
{Heap before GC invocations=5 (full 0):
 garbage-first heap   total 262144K, used 141925K [0x00000006c1e00000, 0x00000007c0000000)
  region size 1024K, 89 young (91136K), 1 survivors (1024K)
 Metaspace       used 16949K, capacity 17354K, committed 17664K, reserved 1064960K
  class space    used 2051K, capacity 2258K, committed 2304K, reserved 1048576K
}
Event: 20.908 GC heap after
{Heap after GC invocations=6 (full 0):
 garbage-first heap   total 262144K, used 51768K [0x00000006c1e00000, 0x00000007c0000000)
  region size 1024K, 1 young (1024K), 1 survivors (1024K)
 Metaspace       used 16949K, capacity 17354K, committed 17664K, reserved 1064960K
  class space    used 2051K, capacity 2258K, committed 2304K, reserved 1048576K
}

Deoptimization events (10 events):
Event: 2.730 Thread 0x0000023e72bf4800 Uncommon trap: reason=class_check action=maybe_recompile pc=0x0000023e5dab6ff0 method=java.lang.String.equals(Ljava/lang/Object;)Z @ 8 c2
Event: 2.730 Thread 0x0000023e72bf4800 Uncommon trap: reason=class_check action=maybe_recompile pc=0x0000023e5dab6ff0 method=java.lang.String.equals(Ljava/lang/Object;)Z @ 8 c2
Event: 14.469 Thread 0x0000023e72bf4800 Uncommon trap: reason=class_check action=maybe_recompile pc=0x0000023e5db46d60 method=java.awt.Container.getMouseEventTargetImpl(IIZLjava/awt/Container$EventTargetFilter;ZZ)Ljava/awt/Component; @ 191 c2
Event: 15.451 Thread 0x0000023e72bf4800 Uncommon trap: reason=unstable_if action=reinterpret pc=0x0000023e5db33558 method=java.lang.StringLatin1.toLowerCase(Ljava/lang/String;[BLjava/util/Locale;)Ljava/lang/String; @ 21 c2
Event: 20.269 Thread 0x0000023e72bf4800 Uncommon trap: reason=unstable_if action=reinterpret pc=0x0000023e5db4c768 method=java.awt.EventQueue.getPriority(Ljava/awt/AWTEvent;)I @ 4 c2
Event: 20.270 Thread 0x0000023e72bf4800 Uncommon trap: reason=unstable_if action=reinterpret pc=0x0000023e5db559f0 method=java.awt.EventQueue.eventToCacheIndex(Ljava/awt/AWTEvent;)I @ 71 c2
Event: 20.318 Thread 0x0000023e72bf4800 Uncommon trap: reason=unstable_if action=reinterpret pc=0x0000023e5db6072c method=poop.ImageCanvas.drawImageFromPath(Ljava/lang/String;)V @ 317 c2
Event: 20.318 Thread 0x0000023e72bf4800 Uncommon trap: reason=unstable_if action=reinterpret pc=0x0000023e5db45804 method=java.awt.Component.getInputContext()Ljava/awt/im/InputContext; @ 6 c2
Event: 20.739 Thread 0x0000023e72bf4800 Uncommon trap: reason=class_check action=maybe_recompile pc=0x0000023e5db6b18c method=sun.java2d.SunGraphics2D.drawLine(IIII)V @ 10 c2
Event: 24.265 Thread 0x0000023e72bfb800 Uncommon trap: reason=unstable_if action=reinterpret pc=0x0000023e5db488cc method=sun.awt.SunToolkit.getAppContext(Ljava/lang/Object;)Lsun/awt/AppContext; @ 24 c2

Classes redefined (0 events):
No events

Internal exceptions (10 events):
Event: 0.335 Thread 0x0000023e72bfb800 Exception <a 'java/lang/NoSuchMethodError'{0x00000006d1956440}: java.lang.invoke.DirectMethodHandle$Holder.invokeStatic(Ljava/lang/Object;Ljava/lang/Object;Ljava/lang/Object;Ljava/lang/Object;Ljava/lang/Object;Ljava/lang/Object;Ljava/lang/Object;Ljava/lan
Event: 2.419 Thread 0x0000023e72bf4800 Exception <a 'java/lang/NoSuchMethodError'{0x00000006d1486bc0}: method resolution failed> (0x00000006d1486bc0) thrown at [t:/workspace/open/src/hotspot/share/prims/methodHandles.cpp, line 1226]
Event: 2.419 Thread 0x0000023e72bf4800 Exception <a 'java/lang/NoSuchMethodError'{0x00000006d148dfb0}: java.lang.invoke.DirectMethodHandle$Holder.invokeStatic(Ljava/lang/Object;ILjava/lang/Object;Ljava/lang/Object;Ljava/lang/Object;)Ljava/lang/Object;> (0x00000006d148dfb0) thrown at [t:/worksp
Event: 2.419 Thread 0x0000023e72bf4800 Exception <a 'java/lang/NoSuchMethodError'{0x00000006d1491ba0}: method resolution failed> (0x00000006d1491ba0) thrown at [t:/workspace/open/src/hotspot/share/prims/methodHandles.cpp, line 1226]
Event: 2.433 Thread 0x0000023e72bf4800 Exception <a 'java/lang/ClassNotFoundException'{0x00000006d1352178}: com/sun/swing/internal/plaf/metal/resources/spi/metalProvider> (0x00000006d1352178) thrown at [t:/workspace/open/src/hotspot/share/classfile/systemDictionary.cpp, line 233]
Event: 2.433 Thread 0x0000023e72bf4800 Exception <a 'java/lang/ClassNotFoundException'{0x00000006d1356410}: com/sun/swing/internal/plaf/basic/resources/spi/basicProvider> (0x00000006d1356410) thrown at [t:/workspace/open/src/hotspot/share/classfile/systemDictionary.cpp, line 233]
Event: 2.434 Thread 0x0000023e72bf4800 Exception <a 'java/lang/NoSuchMethodError'{0x00000006d135f650}: java.lang.invoke.DirectMethodHandle$Holder.invokeStatic(Ljava/lang/Object;Ljava/lang/Object;Ljava/lang/Object;)V> (0x00000006d135f650) thrown at [t:/workspace/open/src/hotspot/share/interpret
Event: 2.440 Thread 0x0000023e72bf9000 Exception <a 'java/lang/NoSuchMethodError'{0x00000006d1382f28}: method resolution failed> (0x00000006d1382f28) thrown at [t:/workspace/open/src/hotspot/share/prims/methodHandles.cpp, line 1226]
Event: 2.441 Thread 0x0000023e72bf9000 Exception <a 'java/lang/NoSuchMethodError'{0x00000006d138ac18}: method resolution failed> (0x00000006d138ac18) thrown at [t:/workspace/open/src/hotspot/share/prims/methodHandles.cpp, line 1226]
Event: 6.986 Thread 0x0000023e72bf4800 Exception <a 'java/lang/NoSuchMethodError'{0x00000006d0e0f0b8}: method resolution failed> (0x00000006d0e0f0b8) thrown at [t:/workspace/open/src/hotspot/share/prims/methodHandles.cpp, line 1226]

Events (10 events):
Event: 20.763 Executing VM operation: G1IncCollectionPause done
Event: 20.907 Executing VM operation: G1IncCollectionPause
Event: 20.908 Executing VM operation: G1IncCollectionPause done
Event: 24.265 Thread 0x0000023e72bfb800 Uncommon trap: trap_request=0xffffff55 fr.pc=0x0000023e5db488cc relative=0x000000000000008c
Event: 24.265 Thread 0x0000023e72bfb800 DEOPT PACKING pc=0x0000023e5db488cc sp=0x000000494f0fe2b0
Event: 24.265 Thread 0x0000023e72bfb800 DEOPT UNPACKING pc=0x0000023e55ff8aaf sp=0x000000494f0fe248 mode 2
Event: 24.266 loading class poop/BasicOperation
Event: 24.266 loading class poop/BasicOperation done
Event: 24.266 loading class poop/Operation
Event: 24.266 loading class poop/Operation done


Dynamic libraries:
0x00007ff767310000 - 0x00007ff76734e000 	C:\Program Files\Java\jre-10\bin\javaw.exe
0x00007fffe2b30000 - 0x00007fffe2d11000 	C:\Windows\SYSTEM32\ntdll.dll
0x00007fffaee80000 - 0x00007fffaee93000 	C:\Program Files\AVAST Software\Avast\aswhook.dll
0x00007fffe27b0000 - 0x00007fffe2861000 	C:\Windows\System32\KERNEL32.DLL
0x00007fffdeef0000 - 0x00007fffdf163000 	C:\Windows\System32\KERNELBASE.dll
0x00007fffe2980000 - 0x00007fffe2a21000 	C:\Windows\System32\ADVAPI32.dll
0x00007fffe2130000 - 0x00007fffe21ce000 	C:\Windows\System32\msvcrt.dll
0x00007fffe2910000 - 0x00007fffe296b000 	C:\Windows\System32\sechost.dll
0x00007fffe2360000 - 0x00007fffe2484000 	C:\Windows\System32\RPCRT4.dll
0x00007fffe21d0000 - 0x00007fffe2360000 	C:\Windows\System32\USER32.dll
0x00007fffdf170000 - 0x00007fffdf190000 	C:\Windows\System32\win32u.dll
0x00007fffe2780000 - 0x00007fffe27a8000 	C:\Windows\System32\GDI32.dll
0x00007fffdf650000 - 0x00007fffdf7e3000 	C:\Windows\System32\gdi32full.dll
0x00007fffdf480000 - 0x00007fffdf51f000 	C:\Windows\System32\msvcp_win.dll
0x00007fffdf380000 - 0x00007fffdf478000 	C:\Windows\System32\ucrtbase.dll
0x00007fffbede0000 - 0x00007fffbf049000 	C:\Windows\WinSxS\amd64_microsoft.windows.common-controls_6595b64144ccf1df_6.0.17134.1610_none_d3fd41197c928db6\COMCTL32.dll
0x00007fffe1820000 - 0x00007fffe1b40000 	C:\Windows\System32\combase.dll
0x00007fffdf520000 - 0x00007fffdf599000 	C:\Windows\System32\bcryptPrimitives.dll
0x00007fffd50c0000 - 0x00007fffd50ca000 	C:\Windows\SYSTEM32\VERSION.dll
0x00007fffe03a0000 - 0x00007fffe03cd000 	C:\Windows\System32\IMM32.DLL
0x00007fffa1910000 - 0x00007fffa19ff000 	C:\Program Files\Java\jre-10\bin\msvcr120.dll
0x00007fffa7f20000 - 0x00007fffa7fc6000 	C:\Program Files\Java\jre-10\bin\msvcp120.dll
0x0000000071cf0000 - 0x000000007275f000 	C:\Program Files\Java\jre-10\bin\server\jvm.dll
0x00007fffe1cd0000 - 0x00007fffe1cd8000 	C:\Windows\System32\PSAPI.DLL
0x00007fffc5860000 - 0x00007fffc5869000 	C:\Windows\SYSTEM32\WSOCK32.dll
0x00007fffe2a30000 - 0x00007fffe2a9c000 	C:\Windows\System32\WS2_32.dll
0x00007fffd7900000 - 0x00007fffd7923000 	C:\Windows\SYSTEM32\WINMM.dll
0x00007fffd78c0000 - 0x00007fffd78ea000 	C:\Windows\SYSTEM32\WINMMBASE.dll
0x00007fffdff70000 - 0x00007fffdffb9000 	C:\Windows\System32\cfgmgr32.dll
0x00007fffcc770000 - 0x00007fffcc77f000 	C:\Program Files\Java\jre-10\bin\verify.dll
0x00007fffdd6c0000 - 0x00007fffdd889000 	C:\Windows\SYSTEM32\DBGHELP.DLL
0x00007fffcb050000 - 0x00007fffcb079000 	C:\Windows\SYSTEM32\dbgcore.DLL
0x00007fffbd3b0000 - 0x00007fffbd3d7000 	C:\Program Files\Java\jre-10\bin\java.dll
0x00007fffb6530000 - 0x00007fffb6546000 	C:\Program Files\Java\jre-10\bin\zip.dll
0x00007fffc9c90000 - 0x00007fffc9c9a000 	C:\Program Files\Java\jre-10\bin\jimage.dll
0x00007fffe03d0000 - 0x00007fffe1815000 	C:\Windows\System32\SHELL32.dll
0x00007fffe0270000 - 0x00007fffe0319000 	C:\Windows\System32\shcore.dll
0x00007fffdf850000 - 0x00007fffdff65000 	C:\Windows\System32\windows.storage.dll
0x00007fffe2aa0000 - 0x00007fffe2af1000 	C:\Windows\System32\shlwapi.dll
0x00007fffdeeb0000 - 0x00007fffdeec1000 	C:\Windows\System32\kernel.appcore.dll
0x00007fffdeed0000 - 0x00007fffdeeef000 	C:\Windows\System32\profapi.dll
0x00007fffdee60000 - 0x00007fffdeeac000 	C:\Windows\System32\powrprof.dll
0x00007fffdee30000 - 0x00007fffdee3a000 	C:\Windows\System32\FLTLIB.DLL
0x00007fffd5f50000 - 0x00007fffd60eb000 	C:\Program Files\Java\jre-10\bin\awt.dll
0x00007fffe1c00000 - 0x00007fffe1cc2000 	C:\Windows\System32\OLEAUT32.dll
0x00007fffd8e90000 - 0x00007fffd9457000 	C:\Windows\SYSTEM32\d2d1.dll
0x00007fffd9b40000 - 0x00007fffd9bcb000 	C:\Windows\SYSTEM32\apphelp.dll
0x00007fffdd090000 - 0x00007fffdd0b9000 	C:\Windows\system32\DWMAPI.DLL
0x00007fffd9c70000 - 0x00007fffd9d08000 	C:\Windows\system32\uxtheme.dll
0x00007fff9d650000 - 0x00007fff9d770000 	C:\Windows\system32\opengl32.dll
0x00007fffc9560000 - 0x00007fffc958c000 	C:\Windows\SYSTEM32\GLU32.dll
0x00007fffe2490000 - 0x00007fffe2604000 	C:\Windows\System32\MSCTF.dll
0x00007fffe2610000 - 0x00007fffe2761000 	C:\Windows\System32\ole32.dll
0x00007fffcb1a0000 - 0x00007fffcb337000 	C:\Windows\system32\d3d9.dll
0x00007fffd3a80000 - 0x00007fffd3b6f000 	C:\Windows\System32\DriverStore\FileRepository\nvhm.inf_amd64_c8662223f1381aa4\nvldumdx.dll
0x00007fffdf190000 - 0x00007fffdf372000 	C:\Windows\System32\crypt32.dll
0x00007fffdee40000 - 0x00007fffdee52000 	C:\Windows\System32\MSASN1.dll
0x00007fffd31f0000 - 0x00007fffd321e000 	C:\Windows\SYSTEM32\cryptnet.dll
0x00007fffde880000 - 0x00007fffde88b000 	C:\Windows\SYSTEM32\cryptbase.dll
0x00007fffdf7f0000 - 0x00007fffdf847000 	C:\Windows\System32\WINTRUST.DLL
0x00007fffe00b0000 - 0x00007fffe00cd000 	C:\Windows\System32\imagehlp.dll
0x00007fffde860000 - 0x00007fffde877000 	C:\Windows\SYSTEM32\CRYPTSP.dll
0x00007fffde030000 - 0x00007fffde063000 	C:\Windows\system32\rsaenh.dll
0x00007fffde990000 - 0x00007fffde9b5000 	C:\Windows\SYSTEM32\bcrypt.dll
0x00007fff91b00000 - 0x00007fff93007000 	C:\Windows\System32\DriverStore\FileRepository\nvhm.inf_amd64_c8662223f1381aa4\nvd3dumx.dll
0x00007fffdd8f0000 - 0x00007fffdd912000 	C:\Windows\SYSTEM32\gpapi.dll
0x00007fffd5ee0000 - 0x00007fffd5f45000 	C:\Program Files\Java\jre-10\bin\fontmanager.dll
0x00007fffb53f0000 - 0x00007fffb540a000 	C:\Program Files\Java\jre-10\bin\net.dll
0x00007fffd6cc0000 - 0x00007fffd6d9d000 	C:\Windows\SYSTEM32\WINHTTP.dll
0x00007fffde6b0000 - 0x00007fffde716000 	C:\Windows\system32\mswsock.dll
0x00007fffb45f0000 - 0x00007fffb4601000 	C:\Program Files\Java\jre-10\bin\nio.dll
0x00007fffb41f0000 - 0x00007fffb4232000 	C:\Program Files\Java\jre-10\bin\t2k.dll
0x00007fffcae90000 - 0x00007fffcaf26000 	C:\Windows\System32\TextInputFramework.dll
0x00007fffd52e0000 - 0x00007fffd55fe000 	C:\Windows\System32\CoreUIComponents.dll
0x00007fffd9600000 - 0x00007fffd96da000 	C:\Windows\System32\CoreMessaging.dll
0x00007fffddcc0000 - 0x00007fffddcf1000 	C:\Windows\SYSTEM32\ntmarta.dll
0x00007fffd7bb0000 - 0x00007fffd7cfd000 	C:\Windows\SYSTEM32\wintypes.dll
0x00007fffb7340000 - 0x00007fffb73e7000 	C:\Windows\WinSxS\amd64_microsoft.windows.common-controls_6595b64144ccf1df_5.82.17134.1610_none_55795367265c850f\comctl32.dll
0x00007fffe2870000 - 0x00007fffe2910000 	C:\Windows\System32\clbcatq.dll
0x00007fffd8360000 - 0x00007fffd8515000 	C:\Windows\SYSTEM32\PROPSYS.dll
0x00007fffd3350000 - 0x00007fffd39eb000 	C:\Windows\System32\OneCoreUAPCommonProxyStub.dll
0x00007fff9ec30000 - 0x00007fff9ed57000 	C:\Windows\system32\NetworkExplorer.dll
0x00007fffb45c0000 - 0x00007fffb45da000 	C:\Windows\SYSTEM32\MPR.dll
0x00007fffcbdb0000 - 0x00007fffcbdbb000 	C:\Windows\System32\drprov.dll
0x00007fffddd30000 - 0x00007fffddd86000 	C:\Windows\System32\WINSTA.dll
0x00007fffc9ca0000 - 0x00007fffc9cb6000 	C:\Windows\System32\ntlanman.dll
0x00007fffc4700000 - 0x00007fffc471d000 	C:\Windows\System32\davclnt.dll
0x00007fffcb6b0000 - 0x00007fffcb6bc000 	C:\Windows\System32\DAVHLPR.dll
0x00007fffd7600000 - 0x00007fffd7617000 	C:\Windows\System32\wkscli.dll
0x00007fffb8420000 - 0x00007fffb8432000 	C:\Windows\SYSTEM32\cscapi.dll
0x00007fffde500000 - 0x00007fffde50e000 	C:\Windows\System32\netutils.dll
0x00007fffb7b30000 - 0x00007fffb7b7a000 	C:\Windows\System32\dlnashext.dll
0x00007fffbd6a0000 - 0x00007fffbd703000 	C:\Windows\System32\PlayToDevice.dll
0x00007fffb7ab0000 - 0x00007fffb7ace000 	C:\Windows\System32\DevDispItemProvider.dll
0x00007fffc9470000 - 0x00007fffc94e6000 	C:\Windows\System32\MMDevApi.dll
0x00007fffdec40000 - 0x00007fffdec67000 	C:\Windows\System32\DEVOBJ.dll
0x00007fff9d770000 - 0x00007fff9d951000 	C:\Windows\system32\wpdshext.dll
0x00007fffb8a00000 - 0x00007fffb8b9b000 	C:\Windows\WinSxS\amd64_microsoft.windows.gdiplus_6595b64144ccf1df_1.1.17134.1610_none_04e833fed7250784\gdiplus.dll
0x00007fffd7490000 - 0x00007fffd752c000 	C:\Windows\System32\PortableDeviceApi.dll
0x00007fffe1ce0000 - 0x00007fffe212b000 	C:\Windows\System32\SETUPAPI.dll
0x00007fffa16e0000 - 0x00007fffa1710000 	C:\Windows\System32\PortableDeviceTypes.dll
0x00007fffb4960000 - 0x00007fffb4997000 	C:\Windows\System32\EhStorShell.dll
0x00007fffc3f20000 - 0x00007fffc3f45000 	C:\Windows\System32\EhStorAPI.dll
0x00007fffd7070000 - 0x00007fffd7083000 	C:\Windows\System32\WTSAPI32.dll
0x00007fffcb8d0000 - 0x00007fffcb8dd000 	C:\Windows\SYSTEM32\LINKINFO.dll
0x00007fffca950000 - 0x00007fffcab1c000 	C:\Windows\SYSTEM32\urlmon.dll
0x00007fffc9050000 - 0x00007fffc92f7000 	C:\Windows\SYSTEM32\iertutil.dll
0x00007fffd60f0000 - 0x00007fffd629e000 	C:\Windows\SYSTEM32\WindowsCodecs.dll
0x00007fffb8450000 - 0x00007fffb84a8000 	C:\Windows\system32\dataexchange.dll
0x00007fffd8b80000 - 0x00007fffd8e8b000 	C:\Windows\system32\d3d11.dll
0x00007fffd9460000 - 0x00007fffd95fc000 	C:\Windows\system32\dcomp.dll
0x00007fffdd990000 - 0x00007fffdda4b000 	C:\Windows\system32\dxgi.dll
0x00007fffdd1a0000 - 0x00007fffdd35f000 	C:\Windows\system32\twinapi.appcore.dll
0x00007fffdd0c0000 - 0x00007fffdd0e1000 	C:\Windows\system32\RMCLIENT.dll
0x00007fffa8490000 - 0x00007fffa850e000 	C:\Users\ji180550d\Desktop\POOP\DRUGI_sve\ji180550_poop_dz2\src\dz1.dll
0x00007fff9ca30000 - 0x00007fff9cb21000 	C:\Windows\SYSTEM32\MSVCP140D.dll
0x00007fffb6ec0000 - 0x00007fffb6ee2000 	C:\Windows\SYSTEM32\VCRUNTIME140D.dll
0x00007fff9c3f0000 - 0x00007fff9c5b2000 	C:\Windows\SYSTEM32\ucrtbased.dll

dbghelp: loaded successfully - version: 4.0.5 - missing functions: none
symbol engine: initialized successfully - sym options: 0x614 - pdb path: .;C:\Program Files\Java\jre-10\bin;C:\Windows\SYSTEM32;C:\Program Files\AVAST Software\Avast;C:\Windows\WinSxS\amd64_microsoft.windows.common-controls_6595b64144ccf1df_6.0.17134.1610_none_d3fd41197c928db6;C:\Program Files\Java\jre-10\bin\server;C:\Windows\System32\DriverStore\FileRepository\nvhm.inf_amd64_c8662223f1381aa4;C:\Windows\WinSxS\amd64_microsoft.windows.common-controls_6595b64144ccf1df_5.82.17134.1610_none_55795367265c850f;C:\Windows\WinSxS\amd64_microsoft.windows.gdiplus_6595b64144ccf1df_1.1.17134.1610_none_04e833fed7250784;C:\Users\ji180550d\Desktop\POOP\DRUGI_sve\ji180550_poop_dz2\src

VM Arguments:
jvm_args: -Djava.library.path=C:\Users\ji180550d\Desktop\POOP\DRUGI_sve\ji180550_poop_dz2\src -Dfile.encoding=Cp1252 
java_command: poop.Main
java_class_path (initial): C:\Users\ji180550d\Desktop\POOP\DRUGI_sve\ji180550_poop_dz2\bin
Launcher Type: SUN_STANDARD

Logging:
Log output configuration:
#0: stdout all=warning uptime,level,tags
#1: stderr all=off uptime,level,tags

Environment Variables:
PATH=C:\ProgramData\Oracle\Java\javapath;C:\Windows\system32;C:\Windows;C:\Windows\System32\Wbem;C:\Windows\System32\WindowsPowerShell\v1.0\;C:\Windows\System32\OpenSSH\;C:\Program Files\Microsoft SQL Server\130\Tools\Binn\;C:\Program Files\Java\jdk-10\bin;C:\Users\ji180550d\AppData\Local\Microsoft\WindowsApps;
USERNAME=ji180550d
OS=Windows_NT
PROCESSOR_IDENTIFIER=Intel64 Family 6 Model 158 Stepping 10, GenuineIntel



---------------  S Y S T E M  ---------------

OS: Windows 10 , 64 bit Build 17134 (10.0.17134.1425)

CPU:total 12 (initial active 12) (6 cores per cpu, 2 threads per core) family 6 model 158 stepping 10, cmov, cx8, fxsr, mmx, sse, sse2, sse3, ssse3, sse4.1, sse4.2, popcnt, avx, avx2, aes, clmul, erms, 3dnowpref, lzcnt, ht, tsc, tscinvbit, bmi1, bmi2, adx, fma

Memory: 4k page, physical 16651508k(11688172k free), swap 19141876k(12599068k free)

vm_info: Java HotSpot(TM) 64-Bit Server VM (10+46) for windows-amd64 JRE (10+46), built on Mar  8 2018 02:11:18 by "mach5one" with MS VC++ 12.0 (VS2013)

END.
